#
# There is insufficient memory for the Java Runtime Environment to continue.
# Native memory allocation (mmap) failed to map 266338304 bytes. Error detail: G1 virtual space
# Possible reasons:
#   The system is out of physical RAM or swap space
#   This process is running with CompressedOops enabled, and the Java Heap may be blocking the growth of the native heap
# Possible solutions:
#   Reduce memory load on the system
#   Increase physical memory or swap space
#   Check if swap backing store is full
#   Decrease Java heap size (-Xmx/-Xms)
#   Decrease number of Java threads
#   Decrease Java thread stack sizes (-Xss)
#   Set larger code cache with -XX:ReservedCodeCacheSize=
#   JVM is running with Zero Based Compressed Oops mode in which the Java heap is
#     placed in the first 32GB address space. The Java Heap base address is the
#     maximum limit for the native heap growth. Please use -XX:HeapBaseMinAddress
#     to set the Java Heap base and to place the Java Heap above 32GB virtual address.
# This output file may be truncated or incomplete.
#
#  Out of Memory Error (os_windows.cpp:3713), pid=2448, tid=16624
#
# JRE version:  (21.0.8+9) (build )
# Java VM: OpenJDK 64-Bit Server VM (21.0.8+9-LTS, mixed mode, sharing, tiered, compressed oops, compressed class ptrs, g1 gc, windows-amd64)
# No core dump will be written. Minidumps are not enabled by default on client versions of Windows
#

---------------  S U M M A R Y ------------

Command Line: -Dclassworlds.conf=C:\apache-maven-3.9.11\bin\m2.conf -Dmaven.home=C:\apache-maven-3.9.11 -Dlibrary.jansi.path=C:\apache-maven-3.9.11\lib\jansi-native -Dmaven.multiModuleProjectDirectory=E:\Intellij Project\SmartShop-AI-Assistant org.codehaus.plexus.classworlds.launcher.Launcher spring-boot:run

Host: Intel(R) Core(TM) i5-8250U CPU @ 1.60GHz, 8 cores, 15G,  Windows 10 , 64 bit Build 19041 (10.0.19041.7181)
Time: Sun May  3 23:50:41 2026 Pakistan Standard Time elapsed time: 0.010555 seconds (0d 0h 0m 0s)

---------------  T H R E A D  ---------------

Current thread (0x000001b85a1e06a0):  JavaThread "Unknown thread" [_thread_in_vm, id=16624, stack(0x0000006294c00000,0x0000006294d00000) (1024K)]

Stack: [0x0000006294c00000,0x0000006294d00000]
Native frames: (J=compiled Java code, j=interpreted, Vv=VM code, C=native code)
V  [jvm.dll+0x6d2449]
V  [jvm.dll+0x8ae341]
V  [jvm.dll+0x8b08be]
V  [jvm.dll+0x8b0fa3]
V  [jvm.dll+0x280c96]
V  [jvm.dll+0x6cec15]
V  [jvm.dll+0x6c2c3a]
V  [jvm.dll+0x35867a]
V  [jvm.dll+0x360246]
V  [jvm.dll+0x3b1f9e]
V  [jvm.dll+0x3b2248]
V  [jvm.dll+0x32c8fc]
V  [jvm.dll+0x32d45b]
V  [jvm.dll+0x8775d9]
V  [jvm.dll+0x3bed71]
V  [jvm.dll+0x8605d3]
V  [jvm.dll+0x4530ee]
V  [jvm.dll+0x454d31]
C  [jli.dll+0x5278]
C  [ucrtbase.dll+0x21bb2]
C  [KERNEL32.DLL+0x17374]
C  [ntdll.dll+0x4cc91]


---------------  P R O C E S S  ---------------

Threads class SMR info:
_java_thread_list=0x00007ffd07eb11c8, length=0, elements={
}

Java Threads: ( => current thread )
Total: 0

Other Threads:
  0x000001b85c5a2ed0 WorkerThread "GC Thread#0"                     [id=19468, stack(0x0000006294d00000,0x0000006294e00000) (1024K)]
  0x000001b85c5b3c80 ConcurrentGCThread "G1 Main Marker"            [id=9812, stack(0x0000006294e00000,0x0000006294f00000) (1024K)]
  0x000001b85c5b4930 WorkerThread "G1 Conc#0"                       [id=18736, stack(0x0000006294f00000,0x0000006295000000) (1024K)]

[error occurred during error reporting (printing all threads), id 0xc0000005, EXCEPTION_ACCESS_VIOLATION (0xc0000005) at pc=0x00007ffd075af137]
VM state: not at safepoint (not fully initialized)

VM Mutex/Monitor currently owned by a thread:  ([mutex/lock_event])
[0x00007ffd07f25558] Heap_lock - owner thread: 0x000001b85a1e06a0

Heap address: 0x0000000702200000, size: 4062 MB, Compressed Oops mode: Zero based, Oop shift amount: 3

CDS archive(s) mapped at: [0x0000000000000000-0x0000000000000000-0x0000000000000000), size 0, SharedBaseAddress: 0x0000000800000000, ArchiveRelocationMode: 1.
Narrow klass base: 0x0000000000000000, Narrow klass shift: 0, Narrow klass range: 0x0

GC Precious Log:
 CardTable entry size: 512
 Card Set container configuration: InlinePtr #cards 4 size 8 Array Of Cards #cards 16 size 48 Howl #buckets 8 coarsen threshold 3686 Howl Bitmap #cards 512 size 80 coarsen threshold 460 Card regions per heap region 1 cards per card region 4096

Heap:
 garbage-first heap   total 0K, used 0K [0x0000000702200000, 0x0000000800000000)
  region size 2048K, 0 young (0K), 0 survivors (0K)

[error occurred during error reporting (printing heap information), id 0xc0000005, EXCEPTION_ACCESS_VIOLATION (0xc0000005) at pc=0x00007ffd0799bba9]
GC Heap History (0 events):
No events

Dll operation events (1 events):
Event: 0.006 Loaded shared library C:\Users\Ibrahim Amjad\AppData\Local\Programs\Eclipse Adoptium\jdk-21.0.8.9-hotspot\bin\java.dll

Deoptimization events (0 events):
No events

Classes loaded (0 events):
No events

Classes unloaded (0 events):
No events

Classes redefined (0 events):
No events

Internal exceptions (0 events):
No events

ZGC Phase Switch (0 events):
No events

VM Operations (0 events):
No events

Memory protections (0 events):
No events

Nmethod flushes (0 events):
No events

Events (0 events):
No events


Dynamic libraries:
0x00007ff674c60000 - 0x00007ff674c6e000 	C:\Users\Ibrahim Amjad\AppData\Local\Programs\Eclipse Adoptium\jdk-21.0.8.9-hotspot\bin\java.exe
0x00007ffd5f750000 - 0x00007ffd5f948000 	C:\Windows\SYSTEM32\ntdll.dll
0x00007ffd5f4a0000 - 0x00007ffd5f562000 	C:\Windows\System32\KERNEL32.DLL
0x00007ffd5cf30000 - 0x00007ffd5d227000 	C:\Windows\System32\KERNELBASE.dll
0x00007ffd5d230000 - 0x00007ffd5d330000 	C:\Windows\System32\ucrtbase.dll
0x00007ffd54be0000 - 0x00007ffd54bfe000 	C:\Users\Ibrahim Amjad\AppData\Local\Programs\Eclipse Adoptium\jdk-21.0.8.9-hotspot\bin\VCRUNTIME140.dll
0x00007ffd387a0000 - 0x00007ffd387b8000 	C:\Users\Ibrahim Amjad\AppData\Local\Programs\Eclipse Adoptium\jdk-21.0.8.9-hotspot\bin\jli.dll
0x00007ffd5d880000 - 0x00007ffd5da1d000 	C:\Windows\System32\USER32.dll
0x00007ffd46760000 - 0x00007ffd469fb000 	C:\Windows\WinSxS\amd64_microsoft.windows.common-controls_6595b64144ccf1df_6.0.19041.6926_none_60b5a53971f8f7e6\COMCTL32.dll
0x00007ffd5d720000 - 0x00007ffd5d742000 	C:\Windows\System32\win32u.dll
0x00007ffd5e7d0000 - 0x00007ffd5e86e000 	C:\Windows\System32\msvcrt.dll
0x00007ffd5d850000 - 0x00007ffd5d87b000 	C:\Windows\System32\GDI32.dll
0x00007ffd5d330000 - 0x00007ffd5d44a000 	C:\Windows\System32\gdi32full.dll
0x00007ffd5d520000 - 0x00007ffd5d5bd000 	C:\Windows\System32\msvcp_win.dll
0x00007ffd5e740000 - 0x00007ffd5e76f000 	C:\Windows\System32\IMM32.DLL
0x00007ffd55e50000 - 0x00007ffd55e5c000 	C:\Users\Ibrahim Amjad\AppData\Local\Programs\Eclipse Adoptium\jdk-21.0.8.9-hotspot\bin\vcruntime140_1.dll
0x00007ffd31ea0000 - 0x00007ffd31f2d000 	C:\Users\Ibrahim Amjad\AppData\Local\Programs\Eclipse Adoptium\jdk-21.0.8.9-hotspot\bin\msvcp140.dll
0x00007ffd07270000 - 0x00007ffd08007000 	C:\Users\Ibrahim Amjad\AppData\Local\Programs\Eclipse Adoptium\jdk-21.0.8.9-hotspot\bin\server\jvm.dll
0x00007ffd5f650000 - 0x00007ffd5f701000 	C:\Windows\System32\ADVAPI32.dll
0x00007ffd5d7b0000 - 0x00007ffd5d84f000 	C:\Windows\System32\sechost.dll
0x00007ffd5e4e0000 - 0x00007ffd5e606000 	C:\Windows\System32\RPCRT4.dll
0x00007ffd5cdc0000 - 0x00007ffd5cde7000 	C:\Windows\System32\bcrypt.dll
0x00007ffd5e870000 - 0x00007ffd5e8db000 	C:\Windows\System32\WS2_32.dll
0x00007ffd5c310000 - 0x00007ffd5c35b000 	C:\Windows\SYSTEM32\POWRPROF.dll
0x00007ffd46c20000 - 0x00007ffd46c47000 	C:\Windows\SYSTEM32\WINMM.dll
0x00007ffd513d0000 - 0x00007ffd513da000 	C:\Windows\SYSTEM32\VERSION.dll
0x00007ffd5c180000 - 0x00007ffd5c192000 	C:\Windows\SYSTEM32\UMPDC.dll
0x00007ffd5ac30000 - 0x00007ffd5ac42000 	C:\Windows\SYSTEM32\kernel.appcore.dll
0x00007ffd55cd0000 - 0x00007ffd55cda000 	C:\Users\Ibrahim Amjad\AppData\Local\Programs\Eclipse Adoptium\jdk-21.0.8.9-hotspot\bin\jimage.dll
0x00007ffd57480000 - 0x00007ffd57681000 	C:\Windows\SYSTEM32\DBGHELP.DLL
0x00007ffd34460000 - 0x00007ffd34494000 	C:\Windows\SYSTEM32\dbgcore.DLL
0x00007ffd5cea0000 - 0x00007ffd5cf22000 	C:\Windows\System32\bcryptPrimitives.dll
0x00007ffd32090000 - 0x00007ffd320af000 	C:\Users\Ibrahim Amjad\AppData\Local\Programs\Eclipse Adoptium\jdk-21.0.8.9-hotspot\bin\java.dll

JVMTI agents: none

dbghelp: loaded successfully - version: 4.0.5 - missing functions: none
symbol engine: initialized successfully - sym options: 0x614 - pdb path: .;C:\Users\Ibrahim Amjad\AppData\Local\Programs\Eclipse Adoptium\jdk-21.0.8.9-hotspot\bin;C:\Windows\SYSTEM32;C:\Windows\WinSxS\amd64_microsoft.windows.common-controls_6595b64144ccf1df_6.0.19041.6926_none_60b5a53971f8f7e6;C:\Users\Ibrahim Amjad\AppData\Local\Programs\Eclipse Adoptium\jdk-21.0.8.9-hotspot\bin\server

VM Arguments:
jvm_args: -Dclassworlds.conf=C:\apache-maven-3.9.11\bin\m2.conf -Dmaven.home=C:\apache-maven-3.9.11 -Dlibrary.jansi.path=C:\apache-maven-3.9.11\lib\jansi-native -Dmaven.multiModuleProjectDirectory=E:\Intellij Project\SmartShop-AI-Assistant 
java_command: org.codehaus.plexus.classworlds.launcher.Launcher spring-boot:run
java_class_path (initial): C:\apache-maven-3.9.11\boot\plexus-classworlds-2.9.0.jar
Launcher Type: SUN_STANDARD

[Global flags]
     intx CICompilerCount                          = 4                                         {product} {ergonomic}
     uint ConcGCThreads                            = 2                                         {product} {ergonomic}
     uint G1ConcRefinementThreads                  = 8                                         {product} {ergonomic}
   size_t G1HeapRegionSize                         = 2097152                                   {product} {ergonomic}
    uintx GCDrainStackTargetSize                   = 64                                        {product} {ergonomic}
   size_t InitialHeapSize                          = 266338304                                 {product} {ergonomic}
   size_t MarkStackSize                            = 4194304                                   {product} {ergonomic}
   size_t MaxHeapSize                              = 4259315712                                {product} {ergonomic}
   size_t MinHeapDeltaBytes                        = 2097152                                   {product} {ergonomic}
   size_t MinHeapSize                              = 8388608                                   {product} {ergonomic}
    uintx NonNMethodCodeHeapSize                   = 5839372                                {pd product} {ergonomic}
    uintx NonProfiledCodeHeapSize                  = 122909434                              {pd product} {ergonomic}
    uintx ProfiledCodeHeapSize                     = 122909434                              {pd product} {ergonomic}
    uintx ReservedCodeCacheSize                    = 251658240                              {pd product} {ergonomic}
     bool SegmentedCodeCache                       = true                                      {product} {ergonomic}
   size_t SoftMaxHeapSize                          = 4259315712                             {manageable} {ergonomic}
     bool UseCompressedOops                        = true                           {product lp64_product} {ergonomic}
     bool UseG1GC                                  = true                                      {product} {ergonomic}
     bool UseLargePagesIndividualAllocation        = false                                  {pd product} {ergonomic}

Logging:
Log output configuration:
 #0: stdout all=warning uptime,level,tags foldmultilines=false
 #1: stderr all=off uptime,level,tags foldmultilines=false

Environment Variables:
PATH=C:\Windows\system32;C:\Windows;C:\Windows\System32\Wbem;C:\Windows\System32\WindowsPowerShell\v1.0\;C:\Windows\System32\OpenSSH\;C:\apache-maven-3.9.11\bin;C:\Program Files\MySQL\MySQL Server 8.0\bin;C:\Program Files\dotnet\;C:\Program Files\nodejs\;C:\Program Files (x86)\Intel\Intel(R) Management Engine Components\DAL;C:\Program Files\Intel\Intel(R) Management Engine Components\DAL;C:\Program Files\Git\cmd;C:\Users\Ibrahim Amjad\.local\bin;C:\Users\Ibrahim Amjad\AppData\Local\Programs\Eclipse Adoptium\jdk-21.0.8.9-hotspot\bin;C:\Users\Ibrahim Amjad\AppData\Local\Microsoft\WindowsApps;E:\Intellij App\IntelliJ IDEA 2025.2.1\bin;C:\Users\Ibrahim Amjad\AppData\Roaming\npm;C:\Users\Ibrahim Amjad\AppData\Local\GitHubDesktop\bin;C:\Users\Ibrahim Amjad\AppData\Local\Programs\Microsoft VS Code\bin;C:\Users\Ibrahim Amjad\AppData\Local\Programs\Warp\bin;E:\Windsurf\bin;E:\WebStorm 2025.3.3\bin;D:\cursor\resources\app\bin;C:\Users\Ibrahim Amjad\AppData\Local\Python\bin
USERNAME=Ibrahim Amjad
OS=Windows_NT
PROCESSOR_IDENTIFIER=Intel64 Family 6 Model 142 Stepping 10, GenuineIntel
TMP=C:\Users\IBRAHI~1\AppData\Local\Temp
TEMP=C:\Users\IBRAHI~1\AppData\Local\Temp




Periodic native trim disabled

---------------  S Y S T E M  ---------------

OS:
 Windows 10 , 64 bit Build 19041 (10.0.19041.7181)
OS uptime: 0 days 1:46 hours

CPU: total 8 (initial active 8) (4 cores per cpu, 2 threads per core) family 6 model 142 stepping 10 microcode 0xf6, cx8, cmov, fxsr, ht, mmx, 3dnowpref, sse, sse2, sse3, ssse3, sse4.1, sse4.2, popcnt, lzcnt, tsc, tscinvbit, avx, avx2, aes, erms, clmul, bmi1, bmi2, adx, fma, vzeroupper, clflush, clflushopt, rdtscp, f16c
Processor Information for the first 8 processors :
  Max Mhz: 1800, Current Mhz: 1600, Mhz Limit: 1584

Memory: 4k page, system-wide physical 16242M (2015M free)
TotalPageFile size 20338M (AvailPageFile size 226M)
current process WorkingSet (physical memory assigned to process): 10M, peak: 10M
current process commit charge ("private bytes"): 60M, peak: 314M

vm_info: OpenJDK 64-Bit Server VM (21.0.8+9-LTS) for windows-amd64 JRE (21.0.8+9-LTS), built on 2025-07-15T00:00:00Z by "admin" with MS VC++ 17.7 (VS2022)

END.
