#
# There is insufficient memory for the Java Runtime Environment to continue.
# Native memory allocation (mmap) failed to map 207618048 bytes. Error detail: G1 virtual space
# Possible reasons:
#   The system is out of physical RAM or swap space
#   This process is running with CompressedOops enabled, and the Java Heap may be blocking the growth of the native heap
# Possible solutions:
#   Reduce memory load on the system
#   Increase physical memory or swap space
#   Check if swap backing store is full
#   Decrease Java heap size (-Xmx/-Xms)
#   Decrease number of Java threads
#   Decrease Java thread stack sizes (-Xss)
#   Set larger code cache with -XX:ReservedCodeCacheSize=
#   JVM is running with Zero Based Compressed Oops mode in which the Java heap is
#     placed in the first 32GB address space. The Java Heap base address is the
#     maximum limit for the native heap growth. Please use -XX:HeapBaseMinAddress
#     to set the Java Heap base and to place the Java Heap above 32GB virtual address.
# This output file may be truncated or incomplete.
#
#  Out of Memory Error (os_windows.cpp:3713), pid=10220, tid=10424
#
# JRE version: OpenJDK Runtime Environment Temurin-21.0.8+9 (21.0.8+9) (build 21.0.8+9-LTS)
# Java VM: OpenJDK 64-Bit Server VM Temurin-21.0.8+9 (21.0.8+9-LTS, mixed mode, emulated-client, sharing, tiered, compressed oops, compressed class ptrs, g1 gc, windows-amd64)
# No core dump will be written. Minidumps are not enabled by default on client versions of Windows
#

---------------  S U M M A R Y ------------

Command Line: -XX:TieredStopAtLevel=1 com.example.SmartShop.AI.Assistant.SmartShopApplication

Host: Intel(R) Core(TM) i5-8250U CPU @ 1.60GHz, 8 cores, 15G,  Windows 10 , 64 bit Build 19041 (10.0.19041.7181)
Time: Sun May  3 19:27:29 2026 Pakistan Standard Time elapsed time: 14.418747 seconds (0d 0h 0m 14s)

---------------  T H R E A D  ---------------

Current thread (0x000001bbc0b81e90):  VMThread "VM Thread"          [id=10424, stack(0x0000003d6c000000,0x0000003d6c100000) (1024K)]

Stack: [0x0000003d6c000000,0x0000003d6c100000]
Native frames: (J=compiled Java code, j=interpreted, Vv=VM code, C=native code)
V  [jvm.dll+0x6d2449]
V  [jvm.dll+0x8ae341]
V  [jvm.dll+0x8b08be]
V  [jvm.dll+0x8b0fa3]
V  [jvm.dll+0x280c96]
V  [jvm.dll+0x6cec15]
V  [jvm.dll+0x6c2c3a]
V  [jvm.dll+0x35867a]
V  [jvm.dll+0x360246]
V  [jvm.dll+0x3b1f9e]
V  [jvm.dll+0x3b2248]
V  [jvm.dll+0x32c8fc]
V  [jvm.dll+0x32c987]
V  [jvm.dll+0x3706fc]
V  [jvm.dll+0x36ef48]
V  [jvm.dll+0x32c0c1]
V  [jvm.dll+0x36e5ba]
V  [jvm.dll+0x8b6cbf]
V  [jvm.dll+0x8b8044]
V  [jvm.dll+0x8b8580]
V  [jvm.dll+0x8b8823]
V  [jvm.dll+0x857e6b]
V  [jvm.dll+0x6d0b0d]
C  [ucrtbase.dll+0x21bb2]
C  [KERNEL32.DLL+0x17374]
C  [ntdll.dll+0x4cc91]

VM_Operation (0x0000003d6d3f36e0): G1CollectForAllocation, mode: safepoint, requested by thread 0x000001bbc1a7a660


---------------  P R O C E S S  ---------------

Threads class SMR info:
_java_thread_list=0x000001bc093c71c0, length=22, elements={
0x000001bbadd757e0, 0x000001bbc0ba3070, 0x000001bbc0ba3f80, 0x000001bbc0ba4e90,
0x000001bbc0ba8b80, 0x000001bbc0ba95d0, 0x000001bbc0baa020, 0x000001bbc0badf70,
0x000001bbc1143110, 0x000001bbc1157070, 0x000001bbc115e8e0, 0x000001bbc16b2320,
0x000001bbc1692d50, 0x000001bbc1a91e80, 0x000001bbc1a7a660, 0x000001bc084e8030,
0x000001bc084e8690, 0x000001bc084fb840, 0x000001bc084ff2d0, 0x000001bc0856dde0,
0x000001bc0856e470, 0x000001bc0856eb00
}

Java Threads: ( => current thread )
  0x000001bbadd757e0 JavaThread "main"                              [_thread_blocked, id=19476, stack(0x0000003d6b900000,0x0000003d6ba00000) (1024K)]
  0x000001bbc0ba3070 JavaThread "Reference Handler"          daemon [_thread_blocked, id=21476, stack(0x0000003d6c100000,0x0000003d6c200000) (1024K)]
  0x000001bbc0ba3f80 JavaThread "Finalizer"                  daemon [_thread_blocked, id=11096, stack(0x0000003d6c200000,0x0000003d6c300000) (1024K)]
  0x000001bbc0ba4e90 JavaThread "Signal Dispatcher"          daemon [_thread_blocked, id=20248, stack(0x0000003d6c300000,0x0000003d6c400000) (1024K)]
  0x000001bbc0ba8b80 JavaThread "Attach Listener"            daemon [_thread_blocked, id=21676, stack(0x0000003d6c400000,0x0000003d6c500000) (1024K)]
  0x000001bbc0ba95d0 JavaThread "Service Thread"             daemon [_thread_blocked, id=2220, stack(0x0000003d6c500000,0x0000003d6c600000) (1024K)]
  0x000001bbc0baa020 JavaThread "Monitor Deflation Thread"   daemon [_thread_blocked, id=8020, stack(0x0000003d6c600000,0x0000003d6c700000) (1024K)]
  0x000001bbc0badf70 JavaThread "C1 CompilerThread0"         daemon [_thread_blocked, id=3504, stack(0x0000003d6c700000,0x0000003d6c800000) (1024K)]
  0x000001bbc1143110 JavaThread "C1 CompilerThread1"         daemon [_thread_blocked, id=18704, stack(0x0000003d6c800000,0x0000003d6c900000) (1024K)]
  0x000001bbc1157070 JavaThread "Notification Thread"        daemon [_thread_blocked, id=13160, stack(0x0000003d6c900000,0x0000003d6ca00000) (1024K)]
  0x000001bbc115e8e0 JavaThread "Common-Cleaner"             daemon [_thread_blocked, id=18336, stack(0x0000003d6ca00000,0x0000003d6cb00000) (1024K)]
  0x000001bbc16b2320 JavaThread "C1 CompilerThread2"         daemon [_thread_blocked, id=4872, stack(0x0000003d6cb00000,0x0000003d6cc00000) (1024K)]
  0x000001bbc1692d50 JavaThread "C1 CompilerThread3"         daemon [_thread_blocked, id=19840, stack(0x0000003d6cc00000,0x0000003d6cd00000) (1024K)]
  0x000001bbc1a91e80 JavaThread "Thread-0"                          [_thread_blocked, id=19460, stack(0x0000003d6d200000,0x0000003d6d300000) (1024K)]
  0x000001bbc1a7a660 JavaThread "restartedMain"                     [_thread_blocked, id=19484, stack(0x0000003d6d300000,0x0000003d6d400000) (1024K)]
  0x000001bc084e8030 JavaThread "Catalina-utility-1"                [_thread_blocked, id=18648, stack(0x0000003d6d700000,0x0000003d6d800000) (1024K)]
  0x000001bc084e8690 JavaThread "Catalina-utility-2"                [_thread_blocked, id=1004, stack(0x0000003d6d800000,0x0000003d6d900000) (1024K)]
  0x000001bc084fb840 JavaThread "container-0"                       [_thread_blocked, id=3064, stack(0x0000003d6d900000,0x0000003d6da00000) (1024K)]
  0x000001bc084ff2d0 JavaThread "mysql-cj-abandoned-connection-cleanup" daemon [_thread_blocked, id=3972, stack(0x0000003d6da00000,0x0000003d6db00000) (1024K)]
  0x000001bc0856dde0 JavaThread "PostgreSQL-JDBC-Cleaner"    daemon [_thread_blocked, id=21028, stack(0x0000003d6dc00000,0x0000003d6dd00000) (1024K)]
  0x000001bc0856e470 JavaThread "HikariPool-1:housekeeper"   daemon [_thread_blocked, id=17592, stack(0x0000003d6dd00000,0x0000003d6de00000) (1024K)]
  0x000001bc0856eb00 JavaThread "HttpClient-1-SelectorManager" daemon [_thread_in_native, id=20452, stack(0x0000003d6de00000,0x0000003d6df00000) (1024K)]
Total: 22

Other Threads:
=>0x000001bbc0b81e90 VMThread "VM Thread"                           [id=10424, stack(0x0000003d6c000000,0x0000003d6c100000) (1024K)]
  0x000001bbc0b707f0 WatcherThread "VM Periodic Task Thread"        [id=21136, stack(0x0000003d6bf00000,0x0000003d6c000000) (1024K)]
  0x000001bbadde21e0 WorkerThread "GC Thread#0"                     [id=10140, stack(0x0000003d6ba00000,0x0000003d6bb00000) (1024K)]
  0x000001bbc1a64cf0 WorkerThread "GC Thread#1"                     [id=18072, stack(0x0000003d6cd00000,0x0000003d6ce00000) (1024K)]
  0x000001bbc1a65090 WorkerThread "GC Thread#2"                     [id=84, stack(0x0000003d6ce00000,0x0000003d6cf00000) (1024K)]
  0x000001bbc1a1e570 WorkerThread "GC Thread#3"                     [id=20564, stack(0x0000003d6cf00000,0x0000003d6d000000) (1024K)]
  0x000001bbc1a1e910 WorkerThread "GC Thread#4"                     [id=21824, stack(0x0000003d6d000000,0x0000003d6d100000) (1024K)]
  0x000001bbc1a3ecf0 WorkerThread "GC Thread#5"                     [id=21716, stack(0x0000003d6d100000,0x0000003d6d200000) (1024K)]
  0x000001bbc1b530f0 WorkerThread "GC Thread#6"                     [id=17544, stack(0x0000003d6d400000,0x0000003d6d500000) (1024K)]
  0x000001bbc1b52610 WorkerThread "GC Thread#7"                     [id=13712, stack(0x0000003d6d500000,0x0000003d6d600000) (1024K)]
  0x000001bbaddf4870 ConcurrentGCThread "G1 Main Marker"            [id=17764, stack(0x0000003d6bb00000,0x0000003d6bc00000) (1024K)]
  0x000001bbaddf5a20 WorkerThread "G1 Conc#0"                       [id=2384, stack(0x0000003d6bc00000,0x0000003d6bd00000) (1024K)]
  0x000001bbc1b53490 WorkerThread "G1 Conc#1"                       [id=8944, stack(0x0000003d6d600000,0x0000003d6d700000) (1024K)]
  0x000001bbc0a3eff0 ConcurrentGCThread "G1 Refine#0"               [id=14736, stack(0x0000003d6bd00000,0x0000003d6be00000) (1024K)]
  0x000001bbc0a41220 ConcurrentGCThread "G1 Service"                [id=20824, stack(0x0000003d6be00000,0x0000003d6bf00000) (1024K)]
Total: 15

Threads with active compile tasks:
Total: 0

VM state: at safepoint (normal execution)

VM Mutex/Monitor currently owned by a thread:  ([mutex/lock_event])
[0x00007ffa91815458] Threads_lock - owner thread: 0x000001bbc0b81e90
[0x00007ffa91815558] Heap_lock - owner thread: 0x000001bbc1a7a660

Heap address: 0x0000000702200000, size: 4062 MB, Compressed Oops mode: Zero based, Oop shift amount: 3

CDS archive(s) mapped at: [0x000001bbc2000000-0x000001bbc2c80000-0x000001bbc2c80000), size 13107200, SharedBaseAddress: 0x000001bbc2000000, ArchiveRelocationMode: 1.
Compressed class space mapped at: 0x000001bbc3000000-0x000001bc03000000, reserved size: 1073741824
Narrow klass base: 0x000001bbc2000000, Narrow klass shift: 0, Narrow klass range: 0x100000000

GC Precious Log:
 CardTable entry size: 512
 Card Set container configuration: InlinePtr #cards 4 size 8 Array Of Cards #cards 16 size 48 Howl #buckets 8 coarsen threshold 3686 Howl Bitmap #cards 512 size 80 coarsen threshold 460 Card regions per heap region 1 cards per card region 4096
 CPUs: 8 total, 8 available
 Memory: 16242M
 Large Page Support: Disabled
 NUMA Support: Disabled
 Compressed Oops: Enabled (Zero based)
 Heap Region Size: 2M
 Heap Min Capacity: 8M
 Heap Initial Capacity: 254M
 Heap Max Capacity: 4062M
 Pre-touch: Disabled
 Parallel Workers: 8
 Concurrent Workers: 2
 Concurrent Refinement Workers: 8
 Periodic GC: Disabled

Heap:
 garbage-first heap   total 264192K, used 152768K [0x0000000702200000, 0x0000000800000000)
  region size 2048K, 4 young (8192K), 4 survivors (8192K)
 Metaspace       used 74276K, committed 75008K, reserved 1114112K
  class space    used 10962K, committed 11264K, reserved 1048576K

Heap Regions: E=young(eden), S=young(survivor), O=old, HS=humongous(starts), HC=humongous(continues), CS=collection set, F=free, TAMS=top-at-mark-start, PB=parsable bottom
|   0|0x0000000702200000, 0x0000000702400000, 0x0000000702400000|100%| O|  |TAMS 0x0000000702200000| PB 0x0000000702200000| Untracked 
|   1|0x0000000702400000, 0x0000000702600000, 0x0000000702600000|100%| O|  |TAMS 0x0000000702400000| PB 0x0000000702400000| Untracked 
|   2|0x0000000702600000, 0x0000000702800000, 0x0000000702800000|100%| O|  |TAMS 0x0000000702600000| PB 0x0000000702600000| Untracked 
|   3|0x0000000702800000, 0x0000000702a00000, 0x0000000702a00000|100%| O|  |TAMS 0x0000000702800000| PB 0x0000000702800000| Untracked 
|   4|0x0000000702a00000, 0x0000000702c00000, 0x0000000702c00000|100%| O|  |TAMS 0x0000000702a00000| PB 0x0000000702a00000| Untracked 
|   5|0x0000000702c00000, 0x0000000702e00000, 0x0000000702e00000|100%| O|  |TAMS 0x0000000702c00000| PB 0x0000000702c00000| Untracked 
|   6|0x0000000702e00000, 0x0000000703000000, 0x0000000703000000|100%| O|  |TAMS 0x0000000702e00000| PB 0x0000000702e00000| Untracked 
|   7|0x0000000703000000, 0x0000000703200000, 0x0000000703200000|100%| O|  |TAMS 0x0000000703000000| PB 0x0000000703000000| Untracked 
|   8|0x0000000703200000, 0x0000000703400000, 0x0000000703400000|100%| O|  |TAMS 0x0000000703200000| PB 0x0000000703200000| Untracked 
|   9|0x0000000703400000, 0x0000000703600000, 0x0000000703600000|100%| O|  |TAMS 0x0000000703400000| PB 0x0000000703400000| Untracked 
|  10|0x0000000703600000, 0x0000000703800000, 0x0000000703800000|100%| O|  |TAMS 0x0000000703600000| PB 0x0000000703600000| Untracked 
|  11|0x0000000703800000, 0x0000000703a00000, 0x0000000703a00000|100%| O|  |TAMS 0x0000000703800000| PB 0x0000000703800000| Untracked 
|  12|0x0000000703a00000, 0x0000000703c00000, 0x0000000703c00000|100%| O|  |TAMS 0x0000000703a00000| PB 0x0000000703a00000| Untracked 
|  13|0x0000000703c00000, 0x0000000703e00000, 0x0000000703e00000|100%| O|  |TAMS 0x0000000703c00000| PB 0x0000000703c00000| Untracked 
|  14|0x0000000703e00000, 0x0000000704000000, 0x0000000704000000|100%| O|  |TAMS 0x0000000703e00000| PB 0x0000000703e00000| Untracked 
|  15|0x0000000704000000, 0x0000000704200000, 0x0000000704200000|100%| O|  |TAMS 0x0000000704000000| PB 0x0000000704000000| Untracked 
|  16|0x0000000704200000, 0x0000000704400000, 0x0000000704400000|100%| O|  |TAMS 0x0000000704200000| PB 0x0000000704200000| Untracked 
|  17|0x0000000704400000, 0x0000000704400000, 0x0000000704600000|  0%| F|  |TAMS 0x0000000704400000| PB 0x0000000704400000| Untracked 
|  18|0x0000000704600000, 0x0000000704800000, 0x0000000704800000|100%| O|  |TAMS 0x0000000704600000| PB 0x0000000704600000| Untracked 
|  19|0x0000000704800000, 0x0000000704a00000, 0x0000000704a00000|100%| O|  |TAMS 0x0000000704800000| PB 0x0000000704800000| Untracked 
|  20|0x0000000704a00000, 0x0000000704c00000, 0x0000000704c00000|100%|HS|  |TAMS 0x0000000704a00000| PB 0x0000000704a00000| Complete 
|  21|0x0000000704c00000, 0x0000000704e00000, 0x0000000704e00000|100%|HC|  |TAMS 0x0000000704c00000| PB 0x0000000704c00000| Complete 
|  22|0x0000000704e00000, 0x0000000704e00000, 0x0000000705000000|  0%| F|  |TAMS 0x0000000704e00000| PB 0x0000000704e00000| Untracked 
|  23|0x0000000705000000, 0x0000000705000000, 0x0000000705200000|  0%| F|  |TAMS 0x0000000705000000| PB 0x0000000705000000| Untracked 
|  24|0x0000000705200000, 0x0000000705400000, 0x0000000705400000|100%| O|  |TAMS 0x0000000705200000| PB 0x0000000705200000| Untracked 
|  25|0x0000000705400000, 0x0000000705600000, 0x0000000705600000|100%| O|  |TAMS 0x0000000705400000| PB 0x0000000705400000| Untracked 
|  26|0x0000000705600000, 0x0000000705800000, 0x0000000705800000|100%| O|  |TAMS 0x0000000705600000| PB 0x0000000705600000| Untracked 
|  27|0x0000000705800000, 0x0000000705a00000, 0x0000000705a00000|100%| O|  |TAMS 0x0000000705800000| PB 0x0000000705800000| Untracked 
|  28|0x0000000705a00000, 0x0000000705c00000, 0x0000000705c00000|100%| O|  |TAMS 0x0000000705a00000| PB 0x0000000705a00000| Untracked 
|  29|0x0000000705c00000, 0x0000000705c00000, 0x0000000705e00000|  0%| F|  |TAMS 0x0000000705c00000| PB 0x0000000705c00000| Untracked 
|  30|0x0000000705e00000, 0x0000000706000000, 0x0000000706000000|100%| O|  |TAMS 0x0000000705e00000| PB 0x0000000705e00000| Untracked 
|  31|0x0000000706000000, 0x0000000706200000, 0x0000000706200000|100%| O|  |TAMS 0x0000000706000000| PB 0x0000000706000000| Untracked 
|  32|0x0000000706200000, 0x0000000706400000, 0x0000000706400000|100%| O|  |TAMS 0x0000000706200000| PB 0x0000000706200000| Untracked 
|  33|0x0000000706400000, 0x0000000706600000, 0x0000000706600000|100%| O|  |TAMS 0x0000000706400000| PB 0x0000000706400000| Untracked 
|  34|0x0000000706600000, 0x0000000706800000, 0x0000000706800000|100%| O|  |TAMS 0x0000000706600000| PB 0x0000000706600000| Untracked 
|  35|0x0000000706800000, 0x0000000706930128, 0x0000000706a00000| 59%| O|  |TAMS 0x0000000706800000| PB 0x0000000706800000| Untracked 
|  36|0x0000000706a00000, 0x0000000706a00000, 0x0000000706c00000|  0%| F|  |TAMS 0x0000000706a00000| PB 0x0000000706a00000| Untracked 
|  37|0x0000000706c00000, 0x0000000706e00000, 0x0000000706e00000|100%| O|  |TAMS 0x0000000706c00000| PB 0x0000000706c00000| Untracked 
|  38|0x0000000706e00000, 0x0000000706e00000, 0x0000000707000000|  0%| F|  |TAMS 0x0000000706e00000| PB 0x0000000706e00000| Untracked 
|  39|0x0000000707000000, 0x0000000707000000, 0x0000000707200000|  0%| F|  |TAMS 0x0000000707000000| PB 0x0000000707000000| Untracked 
|  40|0x0000000707200000, 0x0000000707400000, 0x0000000707400000|100%| O|  |TAMS 0x0000000707200000| PB 0x0000000707200000| Untracked 
|  41|0x0000000707400000, 0x0000000707600000, 0x0000000707600000|100%| O|  |TAMS 0x0000000707400000| PB 0x0000000707400000| Untracked 
|  42|0x0000000707600000, 0x0000000707800000, 0x0000000707800000|100%| O|  |TAMS 0x0000000707600000| PB 0x0000000707600000| Untracked 
|  43|0x0000000707800000, 0x0000000707a00000, 0x0000000707a00000|100%| O|  |TAMS 0x0000000707800000| PB 0x0000000707800000| Untracked 
|  44|0x0000000707a00000, 0x0000000707c00000, 0x0000000707c00000|100%| O|  |TAMS 0x0000000707a00000| PB 0x0000000707a00000| Untracked 
|  45|0x0000000707c00000, 0x0000000707e00000, 0x0000000707e00000|100%| O|  |TAMS 0x0000000707c00000| PB 0x0000000707c00000| Untracked 
|  46|0x0000000707e00000, 0x0000000708000000, 0x0000000708000000|100%| O|  |TAMS 0x0000000707e00000| PB 0x0000000707e00000| Untracked 
|  47|0x0000000708000000, 0x0000000708200000, 0x0000000708200000|100%| O|  |TAMS 0x0000000708000000| PB 0x0000000708000000| Untracked 
|  48|0x0000000708200000, 0x0000000708400000, 0x0000000708400000|100%| O|  |TAMS 0x0000000708200000| PB 0x0000000708200000| Untracked 
|  49|0x0000000708400000, 0x0000000708600000, 0x0000000708600000|100%| O|  |TAMS 0x0000000708400000| PB 0x0000000708400000| Untracked 
|  50|0x0000000708600000, 0x0000000708800000, 0x0000000708800000|100%| O|  |TAMS 0x0000000708600000| PB 0x0000000708600000| Untracked 
|  51|0x0000000708800000, 0x0000000708a00000, 0x0000000708a00000|100%| O|  |TAMS 0x0000000708800000| PB 0x0000000708800000| Untracked 
|  52|0x0000000708a00000, 0x0000000708c00000, 0x0000000708c00000|100%| O|  |TAMS 0x0000000708a00000| PB 0x0000000708a00000| Untracked 
|  53|0x0000000708c00000, 0x0000000708e00000, 0x0000000708e00000|100%| O|  |TAMS 0x0000000708c00000| PB 0x0000000708c00000| Untracked 
|  54|0x0000000708e00000, 0x0000000709000000, 0x0000000709000000|100%| O|  |TAMS 0x0000000708e00000| PB 0x0000000708e00000| Untracked 
|  55|0x0000000709000000, 0x0000000709200000, 0x0000000709200000|100%| O|  |TAMS 0x0000000709000000| PB 0x0000000709000000| Untracked 
|  56|0x0000000709200000, 0x0000000709400000, 0x0000000709400000|100%| O|  |TAMS 0x0000000709200000| PB 0x0000000709200000| Untracked 
|  57|0x0000000709400000, 0x0000000709600000, 0x0000000709600000|100%| O|  |TAMS 0x0000000709400000| PB 0x0000000709400000| Untracked 
|  58|0x0000000709600000, 0x0000000709800000, 0x0000000709800000|100%|HS|  |TAMS 0x0000000709600000| PB 0x0000000709600000| Complete 
|  59|0x0000000709800000, 0x0000000709a00000, 0x0000000709a00000|100%| O|  |TAMS 0x0000000709800000| PB 0x0000000709800000| Untracked 
|  60|0x0000000709a00000, 0x0000000709c00000, 0x0000000709c00000|100%| O|  |TAMS 0x0000000709a00000| PB 0x0000000709a00000| Untracked 
|  61|0x0000000709c00000, 0x0000000709e00000, 0x0000000709e00000|100%| O|  |TAMS 0x0000000709c00000| PB 0x0000000709c00000| Untracked 
|  62|0x0000000709e00000, 0x000000070a000000, 0x000000070a000000|100%| O|  |TAMS 0x0000000709e00000| PB 0x0000000709e00000| Untracked 
|  63|0x000000070a000000, 0x000000070a200000, 0x000000070a200000|100%| O|  |TAMS 0x000000070a000000| PB 0x000000070a000000| Untracked 
|  64|0x000000070a200000, 0x000000070a400000, 0x000000070a400000|100%| O|  |TAMS 0x000000070a200000| PB 0x000000070a200000| Untracked 
|  65|0x000000070a400000, 0x000000070a600000, 0x000000070a600000|100%| O|  |TAMS 0x000000070a400000| PB 0x000000070a400000| Untracked 
|  66|0x000000070a600000, 0x000000070a800000, 0x000000070a800000|100%| O|  |TAMS 0x000000070a600000| PB 0x000000070a600000| Untracked 
|  67|0x000000070a800000, 0x000000070aa00000, 0x000000070aa00000|100%| O|  |TAMS 0x000000070a800000| PB 0x000000070a800000| Untracked 
|  68|0x000000070aa00000, 0x000000070ac00000, 0x000000070ac00000|100%| O|  |TAMS 0x000000070aa00000| PB 0x000000070aa00000| Untracked 
|  69|0x000000070ac00000, 0x000000070ae00000, 0x000000070ae00000|100%| O|  |TAMS 0x000000070ac00000| PB 0x000000070ac00000| Untracked 
|  70|0x000000070ae00000, 0x000000070b000000, 0x000000070b000000|100%| O|  |TAMS 0x000000070ae00000| PB 0x000000070ae00000| Untracked 
|  71|0x000000070b000000, 0x000000070b200000, 0x000000070b200000|100%| O|  |TAMS 0x000000070b000000| PB 0x000000070b000000| Untracked 
|  72|0x000000070b200000, 0x000000070b400000, 0x000000070b400000|100%| O|  |TAMS 0x000000070b200000| PB 0x000000070b200000| Untracked 
|  73|0x000000070b400000, 0x000000070b600000, 0x000000070b600000|100%| O|  |TAMS 0x000000070b400000| PB 0x000000070b400000| Untracked 
|  74|0x000000070b600000, 0x000000070b800000, 0x000000070b800000|100%| O|  |TAMS 0x000000070b600000| PB 0x000000070b600000| Untracked 
|  75|0x000000070b800000, 0x000000070ba00000, 0x000000070ba00000|100%| O|  |TAMS 0x000000070b800000| PB 0x000000070b800000| Untracked 
|  76|0x000000070ba00000, 0x000000070bc00000, 0x000000070bc00000|100%| O|  |TAMS 0x000000070ba00000| PB 0x000000070ba00000| Untracked 
|  77|0x000000070bc00000, 0x000000070bc00000, 0x000000070be00000|  0%| F|  |TAMS 0x000000070bc00000| PB 0x000000070bc00000| Untracked 
|  78|0x000000070be00000, 0x000000070be00000, 0x000000070c000000|  0%| F|  |TAMS 0x000000070be00000| PB 0x000000070be00000| Untracked 
|  79|0x000000070c000000, 0x000000070c000000, 0x000000070c200000|  0%| F|  |TAMS 0x000000070c000000| PB 0x000000070c000000| Untracked 
|  80|0x000000070c200000, 0x000000070c200000, 0x000000070c400000|  0%| F|  |TAMS 0x000000070c200000| PB 0x000000070c200000| Untracked 
|  81|0x000000070c400000, 0x000000070c400000, 0x000000070c600000|  0%| F|  |TAMS 0x000000070c400000| PB 0x000000070c400000| Untracked 
|  82|0x000000070c600000, 0x000000070c600000, 0x000000070c800000|  0%| F|  |TAMS 0x000000070c600000| PB 0x000000070c600000| Untracked 
|  83|0x000000070c800000, 0x000000070ca00000, 0x000000070ca00000|100%| S|CS|TAMS 0x000000070c800000| PB 0x000000070c800000| Complete 
|  84|0x000000070ca00000, 0x000000070cc00000, 0x000000070cc00000|100%| S|CS|TAMS 0x000000070ca00000| PB 0x000000070ca00000| Complete 
|  85|0x000000070cc00000, 0x000000070ce00000, 0x000000070ce00000|100%| S|CS|TAMS 0x000000070cc00000| PB 0x000000070cc00000| Complete 
|  86|0x000000070ce00000, 0x000000070d000000, 0x000000070d000000|100%| S|CS|TAMS 0x000000070ce00000| PB 0x000000070ce00000| Complete 
|  87|0x000000070d000000, 0x000000070d000000, 0x000000070d200000|  0%| F|  |TAMS 0x000000070d000000| PB 0x000000070d000000| Untracked 
|  88|0x000000070d200000, 0x000000070d200000, 0x000000070d400000|  0%| F|  |TAMS 0x000000070d200000| PB 0x000000070d200000| Untracked 
|  89|0x000000070d400000, 0x000000070d400000, 0x000000070d600000|  0%| F|  |TAMS 0x000000070d400000| PB 0x000000070d400000| Untracked 
|  90|0x000000070d600000, 0x000000070d600000, 0x000000070d800000|  0%| F|  |TAMS 0x000000070d600000| PB 0x000000070d600000| Untracked 
|  91|0x000000070d800000, 0x000000070d800000, 0x000000070da00000|  0%| F|  |TAMS 0x000000070d800000| PB 0x000000070d800000| Untracked 
|  92|0x000000070da00000, 0x000000070da00000, 0x000000070dc00000|  0%| F|  |TAMS 0x000000070da00000| PB 0x000000070da00000| Untracked 
|  93|0x000000070dc00000, 0x000000070dc00000, 0x000000070de00000|  0%| F|  |TAMS 0x000000070dc00000| PB 0x000000070dc00000| Untracked 
|  94|0x000000070de00000, 0x000000070de00000, 0x000000070e000000|  0%| F|  |TAMS 0x000000070de00000| PB 0x000000070de00000| Untracked 
|  95|0x000000070e000000, 0x000000070e000000, 0x000000070e200000|  0%| F|  |TAMS 0x000000070e000000| PB 0x000000070e000000| Untracked 
|  96|0x000000070e200000, 0x000000070e200000, 0x000000070e400000|  0%| F|  |TAMS 0x000000070e200000| PB 0x000000070e200000| Untracked 
|  97|0x000000070e400000, 0x000000070e400000, 0x000000070e600000|  0%| F|  |TAMS 0x000000070e400000| PB 0x000000070e400000| Untracked 
|  98|0x000000070e600000, 0x000000070e600000, 0x000000070e800000|  0%| F|  |TAMS 0x000000070e600000| PB 0x000000070e600000| Untracked 
|  99|0x000000070e800000, 0x000000070e800000, 0x000000070ea00000|  0%| F|  |TAMS 0x000000070e800000| PB 0x000000070e800000| Untracked 
| 100|0x000000070ea00000, 0x000000070ea00000, 0x000000070ec00000|  0%| F|  |TAMS 0x000000070ea00000| PB 0x000000070ea00000| Untracked 
| 101|0x000000070ec00000, 0x000000070ec00000, 0x000000070ee00000|  0%| F|  |TAMS 0x000000070ec00000| PB 0x000000070ec00000| Untracked 
| 102|0x000000070ee00000, 0x000000070ee00000, 0x000000070f000000|  0%| F|  |TAMS 0x000000070ee00000| PB 0x000000070ee00000| Untracked 
| 103|0x000000070f000000, 0x000000070f000000, 0x000000070f200000|  0%| F|  |TAMS 0x000000070f000000| PB 0x000000070f000000| Untracked 
| 104|0x000000070f200000, 0x000000070f200000, 0x000000070f400000|  0%| F|  |TAMS 0x000000070f200000| PB 0x000000070f200000| Untracked 
| 105|0x000000070f400000, 0x000000070f400000, 0x000000070f600000|  0%| F|  |TAMS 0x000000070f400000| PB 0x000000070f400000| Untracked 
| 106|0x000000070f600000, 0x000000070f600000, 0x000000070f800000|  0%| F|  |TAMS 0x000000070f600000| PB 0x000000070f600000| Untracked 
| 107|0x000000070f800000, 0x000000070f800000, 0x000000070fa00000|  0%| F|  |TAMS 0x000000070f800000| PB 0x000000070f800000| Untracked 
| 108|0x000000070fa00000, 0x000000070fa00000, 0x000000070fc00000|  0%| F|  |TAMS 0x000000070fa00000| PB 0x000000070fa00000| Untracked 
| 109|0x000000070fc00000, 0x000000070fc00000, 0x000000070fe00000|  0%| F|  |TAMS 0x000000070fc00000| PB 0x000000070fc00000| Untracked 
| 110|0x000000070fe00000, 0x000000070fe00000, 0x0000000710000000|  0%| F|  |TAMS 0x000000070fe00000| PB 0x000000070fe00000| Untracked 
| 111|0x0000000710000000, 0x0000000710000000, 0x0000000710200000|  0%| F|  |TAMS 0x0000000710000000| PB 0x0000000710000000| Untracked 
| 112|0x0000000710200000, 0x0000000710200000, 0x0000000710400000|  0%| F|  |TAMS 0x0000000710200000| PB 0x0000000710200000| Untracked 
| 113|0x0000000710400000, 0x0000000710400000, 0x0000000710600000|  0%| F|  |TAMS 0x0000000710400000| PB 0x0000000710400000| Untracked 
| 114|0x0000000710600000, 0x0000000710600000, 0x0000000710800000|  0%| F|  |TAMS 0x0000000710600000| PB 0x0000000710600000| Untracked 
| 115|0x0000000710800000, 0x0000000710800000, 0x0000000710a00000|  0%| F|  |TAMS 0x0000000710800000| PB 0x0000000710800000| Untracked 
| 116|0x0000000710a00000, 0x0000000710a00000, 0x0000000710c00000|  0%| F|  |TAMS 0x0000000710a00000| PB 0x0000000710a00000| Untracked 
| 117|0x0000000710c00000, 0x0000000710c00000, 0x0000000710e00000|  0%| F|  |TAMS 0x0000000710c00000| PB 0x0000000710c00000| Untracked 
| 118|0x0000000710e00000, 0x0000000710e00000, 0x0000000711000000|  0%| F|  |TAMS 0x0000000710e00000| PB 0x0000000710e00000| Untracked 
| 119|0x0000000711000000, 0x0000000711000000, 0x0000000711200000|  0%| F|  |TAMS 0x0000000711000000| PB 0x0000000711000000| Untracked 
| 120|0x0000000711200000, 0x0000000711200000, 0x0000000711400000|  0%| F|  |TAMS 0x0000000711200000| PB 0x0000000711200000| Untracked 
| 121|0x0000000711400000, 0x0000000711400000, 0x0000000711600000|  0%| F|  |TAMS 0x0000000711400000| PB 0x0000000711400000| Untracked 
| 122|0x0000000711600000, 0x0000000711600000, 0x0000000711800000|  0%| F|  |TAMS 0x0000000711600000| PB 0x0000000711600000| Untracked 
| 123|0x0000000711800000, 0x0000000711800000, 0x0000000711a00000|  0%| F|  |TAMS 0x0000000711800000| PB 0x0000000711800000| Untracked 
| 124|0x0000000711a00000, 0x0000000711a00000, 0x0000000711c00000|  0%| F|  |TAMS 0x0000000711a00000| PB 0x0000000711a00000| Untracked 
| 125|0x0000000711c00000, 0x0000000711c00000, 0x0000000711e00000|  0%| F|  |TAMS 0x0000000711c00000| PB 0x0000000711c00000| Untracked 
| 126|0x0000000711e00000, 0x0000000711e00000, 0x0000000712000000|  0%| F|  |TAMS 0x0000000711e00000| PB 0x0000000711e00000| Untracked 
|2029|0x00000007ffc00000, 0x00000007ffe00000, 0x00000007ffe00000|100%| O|  |TAMS 0x00000007ffc00000| PB 0x00000007ffc00000| Untracked 
|2030|0x00000007ffe00000, 0x00000007ffe00000, 0x0000000800000000|  0%| F|  |TAMS 0x00000007ffe00000| PB 0x00000007ffe00000| Untracked 

Card table byte_map: [0x000001bbb9d70000,0x000001bbba560000] _byte_map_base: 0x000001bbb655f000

Marking Bits: (CMBitMap*) 0x000001bbadde3000
 Bits: [0x000001bbba560000, 0x000001bbbe4d8000)

Polling page: 0x000001bbad530000

Metaspace:

Usage:
  Non-class:     61.83 MB used.
      Class:     10.71 MB used.
       Both:     72.54 MB used.

Virtual space:
  Non-class space:       64.00 MB reserved,      62.25 MB ( 97%) committed,  1 nodes.
      Class space:        1.00 GB reserved,      11.00 MB (  1%) committed,  1 nodes.
             Both:        1.06 GB reserved,      73.25 MB (  7%) committed. 

Chunk freelists:
   Non-Class:  1.73 MB
       Class:  4.95 MB
        Both:  6.68 MB

MaxMetaspaceSize: unlimited
CompressedClassSpaceSize: 1.00 GB
Initial GC threshold: 21.00 MB
Current GC threshold: 122.12 MB
CDS: on
 - commit_granule_bytes: 65536.
 - commit_granule_words: 8192.
 - virtual_space_node_default_size: 8388608.
 - enlarge_chunks_in_place: 1.
 - use_allocation_guard: 0.


Internal statistics:

num_allocs_failed_limit: 12.
num_arena_births: 976.
num_arena_deaths: 4.
num_vsnodes_births: 2.
num_vsnodes_deaths: 0.
num_space_committed: 1172.
num_space_uncommitted: 0.
num_chunks_returned_to_freelist: 18.
num_chunks_taken_from_freelist: 3627.
num_chunk_merges: 9.
num_chunk_splits: 2635.
num_chunks_enlarged: 2070.
num_inconsistent_stats: 0.

CodeCache: size=49152Kb used=12347Kb max_used=13811Kb free=36804Kb
 bounds [0x000001bbb6470000, 0x000001bbb71f0000, 0x000001bbb9470000]
 total_blobs=6518, nmethods=5788, adapters=650, full_count=0
Compilation: enabled, stopped_count=0, restarted_count=0

Compilation events (20 events):
Event: 13.538 Thread 0x000001bbc1143110 nmethod 7093 0x000001bbb695f810 code [0x000001bbb695fcc0, 0x000001bbb6961520]
Event: 13.538 Thread 0x000001bbc16b2320 nmethod 7094 0x000001bbb6a76f90 code [0x000001bbb6a775a0, 0x000001bbb6a79190]
Event: 13.540 Thread 0x000001bbc0badf70 7098       1       org.antlr.v4.runtime.Parser::getCurrentToken (11 bytes)
Event: 13.540 Thread 0x000001bbc0badf70 nmethod 7098 0x000001bbb6640f90 code [0x000001bbb6641140, 0x000001bbb6641240]
Event: 13.564 Thread 0x000001bbc0badf70 7099       1       org.antlr.v4.runtime.misc.IntegerList::size (5 bytes)
Event: 13.564 Thread 0x000001bbc0badf70 nmethod 7099 0x000001bbb6628390 code [0x000001bbb6628520, 0x000001bbb66285e8]
Event: 13.564 Thread 0x000001bbc1692d50 7100       1       org.antlr.v4.runtime.ParserRuleContext::getChildCount (21 bytes)
Event: 13.565 Thread 0x000001bbc16b2320 7102       1       org.antlr.v4.runtime.tree.AbstractParseTreeVisitor::visitChildren (69 bytes)
Event: 13.565 Thread 0x000001bbc0badf70 7101       1       org.antlr.v4.runtime.tree.AbstractParseTreeVisitor::aggregateResult (2 bytes)
Event: 13.565 Thread 0x000001bbc1692d50 nmethod 7100 0x000001bbb6652310 code [0x000001bbb66524c0, 0x000001bbb66525f0]
Event: 13.565 Thread 0x000001bbc0badf70 nmethod 7101 0x000001bbb6628b10 code [0x000001bbb6628ca0, 0x000001bbb6628d68]
Event: 13.565 Thread 0x000001bbc16b2320 nmethod 7102 0x000001bbb664e090 code [0x000001bbb664e260, 0x000001bbb664e418]
Event: 13.592 Thread 0x000001bbc1143110 7103       1       org.antlr.v4.runtime.atn.EmptyPredictionContext::getReturnState (5 bytes)
Event: 13.592 Thread 0x000001bbc1143110 nmethod 7103 0x000001bbb662c490 code [0x000001bbb662c620, 0x000001bbb662c6e8]
Event: 13.593 Thread 0x000001bbc16b2320 7104       1       org.antlr.v4.runtime.misc.FlexibleHashMap::<init> (60 bytes)
Event: 13.593 Thread 0x000001bbc16b2320 nmethod 7104 0x000001bbb6859710 code [0x000001bbb6859900, 0x000001bbb6859bc0]
Event: 13.634 Thread 0x000001bbc1143110 7105       1       org.antlr.v4.runtime.atn.PredictionMode::allConfigsInRuleStopStates (41 bytes)
Event: 13.634 Thread 0x000001bbc1143110 nmethod 7105 0x000001bbb6594410 code [0x000001bbb65945e0, 0x000001bbb6594898]
Event: 13.651 Thread 0x000001bbc16b2320 7106       1       org.antlr.v4.runtime.atn.PredictionMode::hasSLLConflictTerminatingPrediction (109 bytes)
Event: 13.652 Thread 0x000001bbc16b2320 nmethod 7106 0x000001bbb695b310 code [0x000001bbb695b540, 0x000001bbb695ba40]

GC Heap History (20 events):
Event: 13.167 GC heap after
{Heap after GC invocations=21 (full 0):
 garbage-first heap   total 106496K, used 58783K [0x0000000702200000, 0x0000000800000000)
  region size 2048K, 3 young (6144K), 3 survivors (6144K)
 Metaspace       used 74282K, committed 75008K, reserved 1114112K
  class space    used 10963K, committed 11264K, reserved 1048576K
}
Event: 13.255 GC heap before
{Heap before GC invocations=22 (full 0):
 garbage-first heap   total 106496K, used 89503K [0x0000000702200000, 0x0000000800000000)
  region size 2048K, 18 young (36864K), 3 survivors (6144K)
 Metaspace       used 74282K, committed 75008K, reserved 1114112K
  class space    used 10963K, committed 11264K, reserved 1048576K
}
Event: 13.263 GC heap after
{Heap after GC invocations=23 (full 0):
 garbage-first heap   total 106496K, used 69632K [0x0000000702200000, 0x0000000800000000)
  region size 2048K, 3 young (6144K), 3 survivors (6144K)
 Metaspace       used 74282K, committed 75008K, reserved 1114112K
  class space    used 10963K, committed 11264K, reserved 1048576K
}
Event: 13.313 GC heap before
{Heap before GC invocations=23 (full 0):
 garbage-first heap   total 106496K, used 90112K [0x0000000702200000, 0x0000000800000000)
  region size 2048K, 13 young (26624K), 3 survivors (6144K)
 Metaspace       used 74282K, committed 75008K, reserved 1114112K
  class space    used 10963K, committed 11264K, reserved 1048576K
}
Event: 13.321 GC heap after
{Heap after GC invocations=24 (full 0):
 garbage-first heap   total 106496K, used 75991K [0x0000000702200000, 0x0000000800000000)
  region size 2048K, 2 young (4096K), 2 survivors (4096K)
 Metaspace       used 74282K, committed 75008K, reserved 1114112K
  class space    used 10963K, committed 11264K, reserved 1048576K
}
Event: 13.357 GC heap before
{Heap before GC invocations=24 (full 0):
 garbage-first heap   total 106496K, used 90327K [0x0000000702200000, 0x0000000800000000)
  region size 2048K, 9 young (18432K), 2 survivors (4096K)
 Metaspace       used 74282K, committed 75008K, reserved 1114112K
  class space    used 10963K, committed 11264K, reserved 1048576K
}
Event: 13.363 GC heap after
{Heap after GC invocations=25 (full 0):
 garbage-first heap   total 106496K, used 83050K [0x0000000702200000, 0x0000000800000000)
  region size 2048K, 2 young (4096K), 2 survivors (4096K)
 Metaspace       used 74282K, committed 75008K, reserved 1114112K
  class space    used 10963K, committed 11264K, reserved 1048576K
}
Event: 13.388 GC heap before
{Heap before GC invocations=25 (full 0):
 garbage-first heap   total 106496K, used 93290K [0x0000000702200000, 0x0000000800000000)
  region size 2048K, 7 young (14336K), 2 survivors (4096K)
 Metaspace       used 74282K, committed 75008K, reserved 1114112K
  class space    used 10963K, committed 11264K, reserved 1048576K
}
Event: 13.394 GC heap after
{Heap after GC invocations=26 (full 0):
 garbage-first heap   total 231424K, used 87157K [0x0000000702200000, 0x0000000800000000)
  region size 2048K, 1 young (2048K), 1 survivors (2048K)
 Metaspace       used 74282K, committed 75008K, reserved 1114112K
  class space    used 10963K, committed 11264K, reserved 1048576K
}
Event: 13.670 GC heap before
{Heap before GC invocations=27 (full 0):
 garbage-first heap   total 231424K, used 169077K [0x0000000702200000, 0x0000000800000000)
  region size 2048K, 41 young (83968K), 1 survivors (2048K)
 Metaspace       used 74276K, committed 75008K, reserved 1114112K
  class space    used 10962K, committed 11264K, reserved 1048576K
}
Event: 13.679 GC heap after
{Heap after GC invocations=28 (full 0):
 garbage-first heap   total 231424K, used 99771K [0x0000000702200000, 0x0000000800000000)
  region size 2048K, 6 young (12288K), 6 survivors (12288K)
 Metaspace       used 74276K, committed 75008K, reserved 1114112K
  class space    used 10962K, committed 11264K, reserved 1048576K
}
Event: 13.888 GC heap before
{Heap before GC invocations=28 (full 0):
 garbage-first heap   total 231424K, used 185787K [0x0000000702200000, 0x0000000800000000)
  region size 2048K, 48 young (98304K), 6 survivors (12288K)
 Metaspace       used 74276K, committed 75008K, reserved 1114112K
  class space    used 10962K, committed 11264K, reserved 1048576K
}
Event: 13.914 GC heap after
{Heap after GC invocations=29 (full 0):
 garbage-first heap   total 233472K, used 128412K [0x0000000702200000, 0x0000000800000000)
  region size 2048K, 6 young (12288K), 6 survivors (12288K)
 Metaspace       used 74276K, committed 75008K, reserved 1114112K
  class space    used 10962K, committed 11264K, reserved 1048576K
}
Event: 13.940 GC heap before
{Heap before GC invocations=29 (full 0):
 garbage-first heap   total 233472K, used 138652K [0x0000000702200000, 0x0000000800000000)
  region size 2048K, 12 young (24576K), 6 survivors (12288K)
 Metaspace       used 74276K, committed 75008K, reserved 1114112K
  class space    used 10962K, committed 11264K, reserved 1048576K
}
Event: 13.950 GC heap after
{Heap after GC invocations=30 (full 0):
 garbage-first heap   total 233472K, used 136374K [0x0000000702200000, 0x0000000800000000)
  region size 2048K, 3 young (6144K), 3 survivors (6144K)
 Metaspace       used 74276K, committed 75008K, reserved 1114112K
  class space    used 10962K, committed 11264K, reserved 1048576K
}
Event: 14.111 GC heap before
{Heap before GC invocations=31 (full 0):
 garbage-first heap   total 233472K, used 183478K [0x0000000702200000, 0x0000000800000000)
  region size 2048K, 27 young (55296K), 3 survivors (6144K)
 Metaspace       used 74276K, committed 75008K, reserved 1114112K
  class space    used 10962K, committed 11264K, reserved 1048576K
}
Event: 14.123 GC heap after
{Heap after GC invocations=32 (full 0):
 garbage-first heap   total 233472K, used 149364K [0x0000000702200000, 0x0000000800000000)
  region size 2048K, 4 young (8192K), 4 survivors (8192K)
 Metaspace       used 74276K, committed 75008K, reserved 1114112K
  class space    used 10962K, committed 11264K, reserved 1048576K
}
Event: 14.232 GC heap before
{Heap before GC invocations=32 (full 0):
 garbage-first heap   total 233472K, used 192372K [0x0000000702200000, 0x0000000800000000)
  region size 2048K, 25 young (51200K), 4 survivors (8192K)
 Metaspace       used 74276K, committed 75008K, reserved 1114112K
  class space    used 10962K, committed 11264K, reserved 1048576K
}
Event: 14.246 GC heap after
{Heap after GC invocations=33 (full 0):
 garbage-first heap   total 233472K, used 143360K [0x0000000702200000, 0x0000000800000000)
  region size 2048K, 4 young (8192K), 4 survivors (8192K)
 Metaspace       used 74276K, committed 75008K, reserved 1114112K
  class space    used 10962K, committed 11264K, reserved 1048576K
}
Event: 14.397 GC heap before
{Heap before GC invocations=33 (full 0):
 garbage-first heap   total 233472K, used 192512K [0x0000000702200000, 0x0000000800000000)
  region size 2048K, 26 young (53248K), 4 survivors (8192K)
 Metaspace       used 74276K, committed 75008K, reserved 1114112K
  class space    used 10962K, committed 11264K, reserved 1048576K
}

Dll operation events (10 events):
Event: 0.006 Loaded shared library C:\Users\Ibrahim Amjad\AppData\Local\Programs\Eclipse Adoptium\jdk-21.0.8.9-hotspot\bin\java.dll
Event: 0.100 Loaded shared library C:\Users\Ibrahim Amjad\AppData\Local\Programs\Eclipse Adoptium\jdk-21.0.8.9-hotspot\bin\net.dll
Event: 0.101 Loaded shared library C:\Users\Ibrahim Amjad\AppData\Local\Programs\Eclipse Adoptium\jdk-21.0.8.9-hotspot\bin\nio.dll
Event: 0.104 Loaded shared library C:\Users\Ibrahim Amjad\AppData\Local\Programs\Eclipse Adoptium\jdk-21.0.8.9-hotspot\bin\zip.dll
Event: 0.204 Loaded shared library C:\Users\Ibrahim Amjad\AppData\Local\Programs\Eclipse Adoptium\jdk-21.0.8.9-hotspot\bin\jimage.dll
Event: 0.412 Loaded shared library C:\Users\Ibrahim Amjad\AppData\Local\Programs\Eclipse Adoptium\jdk-21.0.8.9-hotspot\bin\management.dll
Event: 0.416 Loaded shared library C:\Users\Ibrahim Amjad\AppData\Local\Programs\Eclipse Adoptium\jdk-21.0.8.9-hotspot\bin\management_ext.dll
Event: 1.393 Loaded shared library C:\Users\Ibrahim Amjad\AppData\Local\Programs\Eclipse Adoptium\jdk-21.0.8.9-hotspot\bin\sunmscapi.dll
Event: 3.146 Loaded shared library C:\Users\Ibrahim Amjad\AppData\Local\Programs\Eclipse Adoptium\jdk-21.0.8.9-hotspot\bin\extnet.dll
Event: 4.809 Loaded shared library C:\Users\Ibrahim Amjad\AppData\Local\Programs\Eclipse Adoptium\jdk-21.0.8.9-hotspot\bin\verify.dll

Deoptimization events (0 events):
No events

Classes loaded (20 events):
Event: 13.065 Loading class jdk/internal/reflect/ByteVector done
Event: 13.065 Loading class jdk/internal/reflect/ByteVectorImpl done
Event: 13.065 Loading class jdk/internal/reflect/ClassFileAssembler
Event: 13.066 Loading class jdk/internal/reflect/ClassFileAssembler done
Event: 13.066 Loading class jdk/internal/reflect/UTF8
Event: 13.066 Loading class jdk/internal/reflect/UTF8 done
Event: 13.066 Loading class jdk/internal/reflect/Label
Event: 13.066 Loading class jdk/internal/reflect/Label done
Event: 13.066 Loading class jdk/internal/reflect/Label$PatchInfo
Event: 13.066 Loading class jdk/internal/reflect/Label$PatchInfo done
Event: 13.067 Loading class jdk/internal/reflect/MethodAccessorGenerator$1
Event: 13.067 Loading class jdk/internal/reflect/MethodAccessorGenerator$1 done
Event: 13.067 Loading class jdk/internal/reflect/ClassDefiner
Event: 13.067 Loading class jdk/internal/reflect/ClassDefiner done
Event: 13.067 Loading class jdk/internal/reflect/ClassDefiner$1
Event: 13.067 Loading class jdk/internal/reflect/ClassDefiner$1 done
Event: 13.067 Loading class jdk/internal/reflect/SerializationConstructorAccessorImpl
Event: 13.067 Loading class jdk/internal/reflect/SerializationConstructorAccessorImpl done
Event: 13.070 Loading class java/lang/UnknownError
Event: 13.070 Loading class java/lang/UnknownError done

Classes unloaded (2 events):
Event: 13.423 Thread 0x000001bbc0b81e90 Unloading class 0x000001bbc3b0c000 'jdk/internal/reflect/GeneratedSerializationConstructorAccessor2'
Event: 13.423 Thread 0x000001bbc0b81e90 Unloading class 0x000001bbc3b04800 'jdk/internal/reflect/GeneratedSerializationConstructorAccessor1'

Classes redefined (0 events):
No events

Internal exceptions (20 events):
Event: 6.453 Thread 0x000001bbc1a7a660 Exception <a 'java/lang/NoSuchMethodError'{0x00000007059b7550}: 'java.lang.Object java.lang.invoke.DirectMethodHandle$Holder.newInvokeSpecial(java.lang.Object, java.lang.Object, int)'> (0x00000007059b7550) 
thrown [s\src\hotspot\share\interpreter\linkResolver.cpp, line 773]
Event: 6.453 Thread 0x000001bbc1a7a660 Exception <a 'java/lang/IncompatibleClassChangeError'{0x00000007059bae40}: Found class java.lang.Object, but interface was expected> (0x00000007059bae40) 
thrown [s\src\hotspot\share\interpreter\linkResolver.cpp, line 840]
Event: 6.484 Thread 0x000001bbc1a7a660 Exception <a 'java/lang/NoSuchMethodError'{0x0000000711ee2ef8}: 'java.lang.Object java.lang.invoke.DirectMethodHandle$Holder.newInvokeSpecial(java.lang.Object, java.lang.Object, java.lang.Object, java.lang.Object, java.lang.Object, int, java.lang.Object)'> (0x0000000711ee2ef8) 
thrown [s\src\hotspot\share\interpreter\linkResolver.cpp, line 773]
Event: 6.491 Thread 0x000001bbc1a7a660 Exception <a 'java/lang/NoSuchMethodError'{0x0000000711f17880}: 'java.lang.Object java.lang.invoke.Invokers$Holder.linkToTargetMethod(java.lang.Object, java.lang.Object, java.lang.Object, java.lang.Object, java.lang.Object, java.lang.Object, java.lang.Object, java.lang.Object, java.lang.Object, java.lang.Object, java.lang.Object, java.lang.Object)'> (0x0000000711f17880) 
thrown [s\src\hotspot\share\interpreter\linkResolver.cpp, line 773]
Event: 6.521 Thread 0x000001bbc1a7a660 Exception <a 'java/lang/IncompatibleClassChangeError'{0x000000070dedbe08}: Found class java.lang.Object, but interface was expected> (0x000000070dedbe08) 
thrown [s\src\hotspot\share\interpreter\linkResolver.cpp, line 840]
Event: 6.532 Thread 0x000001bbc1a7a660 Exception <a 'java/lang/NoSuchMethodError'{0x000000070df86c10}: 'java.lang.Object java.lang.invoke.DirectMethodHandle$Holder.newInvokeSpecial(java.lang.Object, java.lang.Object, int, java.lang.Object, int, java.lang.Object, java.lang.Object)'> (0x000000070df86c10) 
thrown [s\src\hotspot\share\interpreter\linkResolver.cpp, line 773]
Event: 6.541 Thread 0x000001bbc1a7a660 Exception <a 'java/lang/NoSuchMethodError'{0x000000070dc106b0}: 'java.lang.Object java.lang.invoke.DirectMethodHandle$Holder.newInvokeSpecial(java.lang.Object, java.lang.Object, java.lang.Object, java.lang.Object, java.lang.Object, java.lang.Object, java.lang.Object, int)'> (0x000000070dc106b0) 
thrown [s\src\hotspot\share\interpreter\linkResolver.cpp, line 773]
Event: 6.541 Thread 0x000001bbc1a7a660 Exception <a 'java/lang/NoSuchMethodError'{0x000000070dc14d00}: 'java.lang.Object java.lang.invoke.DirectMethodHandle$Holder.invokeSpecial(java.lang.Object, java.lang.Object, java.lang.Object, java.lang.Object, java.lang.Object, java.lang.Object, java.lang.Object, java.lang.Object, int)'> (0x000000070dc14d00) 
thrown [s\src\hotspot\share\interpreter\linkResolver.cpp, line 773]
Event: 6.541 Thread 0x000001bbc1a7a660 Exception <a 'java/lang/NoSuchMethodError'{0x000000070dc18d38}: 'java.lang.Object java.lang.invoke.Invokers$Holder.linkToTargetMethod(java.lang.Object, java.lang.Object, java.lang.Object, java.lang.Object, java.lang.Object, java.lang.Object, int, java.lang.Object)'> (0x000000070dc18d38) 
thrown [s\src\hotspot\share\interpreter\linkResolver.cpp, line 773]
Event: 8.527 Thread 0x000001bbc1a7a660 Exception <a 'java/lang/NoSuchMethodError'{0x0000000706598fb0}: 'java.lang.Object java.lang.invoke.DirectMethodHandle$Holder.invokeSpecial(java.lang.Object, java.lang.Object, int, java.lang.Object, int)'> (0x0000000706598fb0) 
thrown [s\src\hotspot\share\interpreter\linkResolver.cpp, line 773]
Event: 11.711 Thread 0x000001bbc1a7a660 Exception <a 'java/lang/NoSuchMethodError'{0x000000070637ae98}: 'void java.lang.invoke.Invokers$Holder.invokeExact_MT(java.lang.Object, java.lang.Object, java.lang.Object, java.lang.Object)'> (0x000000070637ae98) 
thrown [s\src\hotspot\share\interpreter\linkResolver.cpp, line 773]
Event: 11.728 Thread 0x000001bbc1a7a660 Exception <a 'java/lang/NoSuchMethodError'{0x0000000706096950}: 'java.lang.Object java.lang.invoke.DirectMethodHandle$Holder.invokeVirtual(java.lang.Object, java.lang.Object, java.lang.Object, java.lang.Object, java.lang.Object, java.lang.Object, java.lang.Object)'> (0x0000000706096950) 
thrown [s\src\hotspot\share\interpreter\linkResolver.cpp, line 773]
Event: 11.742 Thread 0x000001bbc1a7a660 Exception <a 'java/lang/NoSuchMethodError'{0x00000007061779e8}: 'java.lang.Object java.lang.invoke.Invokers$Holder.invoke_MT(java.lang.Object, java.lang.Object, java.lang.Object, java.lang.Object, java.lang.Object, java.lang.Object, java.lang.Object, java.lang.Object, java.lang.Object, java.lang.Object, java.lang.Object)'> (0x00000007061779e8) 
thrown [s\src\hotspot\share\interpreter\linkResolver.cpp, line 773]
Event: 11.824 Thread 0x000001bbc1a7a660 Exception <a 'java/lang/IncompatibleClassChangeError'{0x0000000705b494f0}: Found class java.lang.Object, but interface was expected> (0x0000000705b494f0) 
thrown [s\src\hotspot\share\interpreter\linkResolver.cpp, line 840]
Event: 11.830 Thread 0x000001bbc1a7a660 Exception <a 'java/lang/NoSuchMethodError'{0x0000000705b61530}: 'java.lang.Object java.lang.invoke.DirectMethodHandle$Holder.invokeStaticInit(java.lang.Object, java.lang.Object, int)'> (0x0000000705b61530) 
thrown [s\src\hotspot\share\interpreter\linkResolver.cpp, line 773]
Event: 11.940 Thread 0x000001bbc1a7a660 Exception <a 'java/lang/IncompatibleClassChangeError'{0x0000000704bbf058}: Found class java.lang.Object, but interface was expected> (0x0000000704bbf058) 
thrown [s\src\hotspot\share\interpreter\linkResolver.cpp, line 840]
Event: 11.964 Thread 0x000001bbc1a7a660 Exception <a 'java/lang/IncompatibleClassChangeError'{0x000000070497afa8}: Found class java.lang.Object, but interface was expected> (0x000000070497afa8) 
thrown [s\src\hotspot\share\interpreter\linkResolver.cpp, line 840]
Event: 12.040 Thread 0x000001bbc1a7a660 Exception <a 'java/lang/IncompatibleClassChangeError'{0x000000070de71af0}: Found class java.lang.Object, but interface was expected> (0x000000070de71af0) 
thrown [s\src\hotspot\share\interpreter\linkResolver.cpp, line 840]
Event: 12.128 Thread 0x000001bbc1a7a660 Exception <a 'java/lang/IncompatibleClassChangeError'{0x000000070dbf5038}: Found class java.lang.Object, but interface was expected> (0x000000070dbf5038) 
thrown [s\src\hotspot\share\interpreter\linkResolver.cpp, line 840]
Event: 13.050 Thread 0x000001bbc1a7a660 Exception <a 'java/lang/NoSuchMethodError'{0x00000007079a3f00}: 'int java.lang.invoke.DirectMethodHandle$Holder.invokeStaticInit(java.lang.Object, int, java.lang.Object, java.lang.Object, java.lang.Object, java.lang.Object)'> (0x00000007079a3f00) 
thrown [s\src\hotspot\share\interpreter\linkResolver.cpp, line 773]

ZGC Phase Switch (0 events):
No events

VM Operations (20 events):
Event: 13.394 Executing VM operation: G1CollectForAllocation (G1 Evacuation Pause) done
Event: 13.422 Executing VM operation: G1PauseRemark
Event: 13.428 Executing VM operation: G1PauseRemark done
Event: 13.459 Executing VM operation: G1PauseCleanup
Event: 13.459 Executing VM operation: G1PauseCleanup done
Event: 13.670 Executing VM operation: G1CollectForAllocation (G1 Evacuation Pause)
Event: 13.679 Executing VM operation: G1CollectForAllocation (G1 Evacuation Pause) done
Event: 13.888 Executing VM operation: G1CollectForAllocation (G1 Evacuation Pause)
Event: 13.914 Executing VM operation: G1CollectForAllocation (G1 Evacuation Pause) done
Event: 13.940 Executing VM operation: G1TryInitiateConcMark (G1 Humongous Allocation)
Event: 13.950 Executing VM operation: G1TryInitiateConcMark (G1 Humongous Allocation) done
Event: 14.016 Executing VM operation: G1PauseRemark
Event: 14.019 Executing VM operation: G1PauseRemark done
Event: 14.050 Executing VM operation: G1PauseCleanup
Event: 14.050 Executing VM operation: G1PauseCleanup done
Event: 14.111 Executing VM operation: G1CollectForAllocation (G1 Evacuation Pause)
Event: 14.123 Executing VM operation: G1CollectForAllocation (G1 Evacuation Pause) done
Event: 14.232 Executing VM operation: G1CollectForAllocation (G1 Evacuation Pause)
Event: 14.246 Executing VM operation: G1CollectForAllocation (G1 Evacuation Pause) done
Event: 14.397 Executing VM operation: G1CollectForAllocation (G1 Evacuation Pause)

Memory protections (0 events):
No events

Nmethod flushes (20 events):
Event: 13.209 Thread 0x000001bbc0b81e90 flushing  nmethod 0x000001bbb6cac390
Event: 13.209 Thread 0x000001bbc0b81e90 flushing  nmethod 0x000001bbb6caca10
Event: 13.209 Thread 0x000001bbc0b81e90 flushing  nmethod 0x000001bbb6d17e10
Event: 13.209 Thread 0x000001bbc0b81e90 flushing  nmethod 0x000001bbb6d1a710
Event: 13.209 Thread 0x000001bbc0b81e90 flushing  nmethod 0x000001bbb6d1ba10
Event: 13.209 Thread 0x000001bbc0b81e90 flushing  nmethod 0x000001bbb6d1c310
Event: 13.209 Thread 0x000001bbc0b81e90 flushing  nmethod 0x000001bbb6d41c10
Event: 13.209 Thread 0x000001bbc0b81e90 flushing  nmethod 0x000001bbb6d43110
Event: 13.209 Thread 0x000001bbc0b81e90 flushing  nmethod 0x000001bbb6d63e10
Event: 13.209 Thread 0x000001bbc0b81e90 flushing  nmethod 0x000001bbb6d64390
Event: 13.209 Thread 0x000001bbc0b81e90 flushing  nmethod 0x000001bbb6d64a90
Event: 13.209 Thread 0x000001bbc0b81e90 flushing  nmethod 0x000001bbb6d65010
Event: 13.209 Thread 0x000001bbc0b81e90 flushing  nmethod 0x000001bbb6d88e90
Event: 13.209 Thread 0x000001bbc0b81e90 flushing  nmethod 0x000001bbb6d8a190
Event: 13.209 Thread 0x000001bbc0b81e90 flushing  nmethod 0x000001bbb6df7d90
Event: 13.209 Thread 0x000001bbc0b81e90 flushing  nmethod 0x000001bbb6df9390
Event: 13.209 Thread 0x000001bbc0b81e90 flushing  nmethod 0x000001bbb6dfc310
Event: 13.209 Thread 0x000001bbc0b81e90 flushing  nmethod 0x000001bbb7159a10
Event: 13.209 Thread 0x000001bbc0b81e90 flushing  nmethod 0x000001bbb716f190
Event: 13.428 Thread 0x000001bbc0b81e90 flushing  nmethod 0x000001bbb71a1510

Events (20 events):
Event: 0.031 Thread 0x000001bbadd757e0 Thread added: 0x000001bbc0baa020
Event: 0.031 Thread 0x000001bbadd757e0 Thread added: 0x000001bbc0badf70
Event: 0.092 Thread 0x000001bbc0badf70 Thread added: 0x000001bbc1143110
Event: 0.094 Thread 0x000001bbadd757e0 Thread added: 0x000001bbc1157070
Event: 0.095 Thread 0x000001bbadd757e0 Thread added: 0x000001bbc115e8e0
Event: 0.267 Thread 0x000001bbc0badf70 Thread added: 0x000001bbc16b2320
Event: 0.268 Thread 0x000001bbc1143110 Thread added: 0x000001bbc1692d50
Event: 0.467 Thread 0x000001bbadd757e0 Thread added: 0x000001bbc1a91e80
Event: 0.474 Thread 0x000001bbc1a91e80 Thread added: 0x000001bbc1a7a660
Event: 0.919 Thread 0x000001bbc1a7a660 Thread added: 0x000001bc070de410
Event: 1.287 Thread 0x000001bbc1a7a660 Thread added: 0x000001bc075d1340
Event: 1.328 Thread 0x000001bc075d1340 Thread exited: 0x000001bc075d1340
Event: 1.413 Thread 0x000001bc070de410 Thread exited: 0x000001bc070de410
Event: 2.828 Thread 0x000001bbc1a7a660 Thread added: 0x000001bc084e8030
Event: 2.829 Thread 0x000001bc084e8030 Thread added: 0x000001bc084e8690
Event: 2.833 Thread 0x000001bbc1a7a660 Thread added: 0x000001bc084fb840
Event: 2.889 Thread 0x000001bbc1a7a660 Thread added: 0x000001bc084ff2d0
Event: 4.234 Thread 0x000001bbc1a7a660 Thread added: 0x000001bc0856dde0
Event: 4.482 Thread 0x000001bbc1a7a660 Thread added: 0x000001bc0856e470
Event: 11.889 Thread 0x000001bbc1a7a660 Thread added: 0x000001bc0856eb00


Dynamic libraries:
0x00007ff761c50000 - 0x00007ff761c5e000 	C:\Users\Ibrahim Amjad\AppData\Local\Programs\Eclipse Adoptium\jdk-21.0.8.9-hotspot\bin\java.exe
0x00007ffb11b50000 - 0x00007ffb11d48000 	C:\Windows\SYSTEM32\ntdll.dll
0x00007ffb118e0000 - 0x00007ffb119a2000 	C:\Windows\System32\KERNEL32.DLL
0x00007ffb0f700000 - 0x00007ffb0f9f7000 	C:\Windows\System32\KERNELBASE.dll
0x00007ffb0f600000 - 0x00007ffb0f700000 	C:\Windows\System32\ucrtbase.dll
0x00007ffafbfe0000 - 0x00007ffafbff8000 	C:\Users\Ibrahim Amjad\AppData\Local\Programs\Eclipse Adoptium\jdk-21.0.8.9-hotspot\bin\jli.dll
0x00007ffafbfc0000 - 0x00007ffafbfde000 	C:\Users\Ibrahim Amjad\AppData\Local\Programs\Eclipse Adoptium\jdk-21.0.8.9-hotspot\bin\VCRUNTIME140.dll
0x00007ffb10db0000 - 0x00007ffb10f4d000 	C:\Windows\System32\USER32.dll
0x00007ffaf95e0000 - 0x00007ffaf987b000 	C:\Windows\WinSxS\amd64_microsoft.windows.common-controls_6595b64144ccf1df_6.0.19041.6926_none_60b5a53971f8f7e6\COMCTL32.dll
0x00007ffb0f440000 - 0x00007ffb0f462000 	C:\Windows\System32\win32u.dll
0x00007ffb10200000 - 0x00007ffb1029e000 	C:\Windows\System32\msvcrt.dll
0x00007ffb11790000 - 0x00007ffb117bb000 	C:\Windows\System32\GDI32.dll
0x00007ffb0fa00000 - 0x00007ffb0fb1a000 	C:\Windows\System32\gdi32full.dll
0x00007ffb0f240000 - 0x00007ffb0f2dd000 	C:\Windows\System32\msvcp_win.dll
0x00007ffb119c0000 - 0x00007ffb119ef000 	C:\Windows\System32\IMM32.DLL
0x00007ffb05c10000 - 0x00007ffb05c1c000 	C:\Users\Ibrahim Amjad\AppData\Local\Programs\Eclipse Adoptium\jdk-21.0.8.9-hotspot\bin\vcruntime140_1.dll
0x00007ffad56c0000 - 0x00007ffad574d000 	C:\Users\Ibrahim Amjad\AppData\Local\Programs\Eclipse Adoptium\jdk-21.0.8.9-hotspot\bin\msvcp140.dll
0x00007ffa90b60000 - 0x00007ffa918f7000 	C:\Users\Ibrahim Amjad\AppData\Local\Programs\Eclipse Adoptium\jdk-21.0.8.9-hotspot\bin\server\jvm.dll
0x00007ffb119f0000 - 0x00007ffb11aa1000 	C:\Windows\System32\ADVAPI32.dll
0x00007ffb0fe00000 - 0x00007ffb0fe9f000 	C:\Windows\System32\sechost.dll
0x00007ffb0fcd0000 - 0x00007ffb0fdf6000 	C:\Windows\System32\RPCRT4.dll
0x00007ffb0fb20000 - 0x00007ffb0fb47000 	C:\Windows\System32\bcrypt.dll
0x00007ffb10f50000 - 0x00007ffb10fbb000 	C:\Windows\System32\WS2_32.dll
0x00007ffb0e710000 - 0x00007ffb0e75b000 	C:\Windows\SYSTEM32\POWRPROF.dll
0x00007ffaf9d70000 - 0x00007ffaf9d97000 	C:\Windows\SYSTEM32\WINMM.dll
0x00007ffb076d0000 - 0x00007ffb076da000 	C:\Windows\SYSTEM32\VERSION.dll
0x00007ffb0e580000 - 0x00007ffb0e592000 	C:\Windows\SYSTEM32\UMPDC.dll
0x00007ffb0d030000 - 0x00007ffb0d042000 	C:\Windows\SYSTEM32\kernel.appcore.dll
0x00007ffafc0e0000 - 0x00007ffafc0ea000 	C:\Users\Ibrahim Amjad\AppData\Local\Programs\Eclipse Adoptium\jdk-21.0.8.9-hotspot\bin\jimage.dll
0x00007ffb09500000 - 0x00007ffb09701000 	C:\Windows\SYSTEM32\DBGHELP.DLL
0x00007ffae7460000 - 0x00007ffae7494000 	C:\Windows\SYSTEM32\dbgcore.DLL
0x00007ffb0f470000 - 0x00007ffb0f4f2000 	C:\Windows\System32\bcryptPrimitives.dll
0x00007ffafbfa0000 - 0x00007ffafbfbf000 	C:\Users\Ibrahim Amjad\AppData\Local\Programs\Eclipse Adoptium\jdk-21.0.8.9-hotspot\bin\java.dll
0x00007ffb10470000 - 0x00007ffb10be1000 	C:\Windows\System32\SHELL32.dll
0x00007ffb0d230000 - 0x00007ffb0d9d6000 	C:\Windows\SYSTEM32\windows.storage.dll
0x00007ffb0fea0000 - 0x00007ffb101f3000 	C:\Windows\System32\combase.dll
0x00007ffb0ebe0000 - 0x00007ffb0ec0b000 	C:\Windows\SYSTEM32\Wldp.dll
0x00007ffb11030000 - 0x00007ffb11106000 	C:\Windows\System32\OLEAUT32.dll
0x00007ffb10ca0000 - 0x00007ffb10d4d000 	C:\Windows\System32\SHCORE.dll
0x00007ffb10d50000 - 0x00007ffb10dab000 	C:\Windows\System32\shlwapi.dll
0x00007ffb0f0e0000 - 0x00007ffb0f104000 	C:\Windows\SYSTEM32\profapi.dll
0x00007ffaf5e30000 - 0x00007ffaf5e40000 	C:\Users\Ibrahim Amjad\AppData\Local\Programs\Eclipse Adoptium\jdk-21.0.8.9-hotspot\bin\net.dll
0x00007ffb065c0000 - 0x00007ffb066ca000 	C:\Windows\SYSTEM32\WINHTTP.dll
0x00007ffb0e910000 - 0x00007ffb0e97a000 	C:\Windows\system32\mswsock.dll
0x00007ffae46c0000 - 0x00007ffae46d6000 	C:\Users\Ibrahim Amjad\AppData\Local\Programs\Eclipse Adoptium\jdk-21.0.8.9-hotspot\bin\nio.dll
0x00007ffae46a0000 - 0x00007ffae46b8000 	C:\Users\Ibrahim Amjad\AppData\Local\Programs\Eclipse Adoptium\jdk-21.0.8.9-hotspot\bin\zip.dll
0x00007ffadcc50000 - 0x00007ffadcc5a000 	C:\Users\Ibrahim Amjad\AppData\Local\Programs\Eclipse Adoptium\jdk-21.0.8.9-hotspot\bin\management.dll
0x00007ffadc9b0000 - 0x00007ffadc9bb000 	C:\Users\Ibrahim Amjad\AppData\Local\Programs\Eclipse Adoptium\jdk-21.0.8.9-hotspot\bin\management_ext.dll
0x00007ffb0fb50000 - 0x00007ffb0fb58000 	C:\Windows\System32\PSAPI.DLL
0x00007ffae45f0000 - 0x00007ffae45fe000 	C:\Users\Ibrahim Amjad\AppData\Local\Programs\Eclipse Adoptium\jdk-21.0.8.9-hotspot\bin\sunmscapi.dll
0x00007ffb0f2e0000 - 0x00007ffb0f43d000 	C:\Windows\System32\CRYPT32.dll
0x00007ffb0ec50000 - 0x00007ffb0ec77000 	C:\Windows\SYSTEM32\ncrypt.dll
0x00007ffb0ec10000 - 0x00007ffb0ec4b000 	C:\Windows\SYSTEM32\NTASN1.dll
0x00007ffb0eb40000 - 0x00007ffb0eb58000 	C:\Windows\SYSTEM32\CRYPTSP.dll
0x00007ffb0e1c0000 - 0x00007ffb0e1f8000 	C:\Windows\system32\rsaenh.dll
0x00007ffb0f060000 - 0x00007ffb0f08e000 	C:\Windows\SYSTEM32\USERENV.dll
0x00007ffb0eb30000 - 0x00007ffb0eb3c000 	C:\Windows\SYSTEM32\CRYPTBASE.dll
0x00007ffb0e5a0000 - 0x00007ffb0e5db000 	C:\Windows\SYSTEM32\IPHLPAPI.DLL
0x00007ffb119b0000 - 0x00007ffb119b8000 	C:\Windows\System32\NSI.dll
0x00007ffb0e5f0000 - 0x00007ffb0e6ba000 	C:\Windows\SYSTEM32\DNSAPI.dll
0x00007ffb04070000 - 0x00007ffb0407a000 	C:\Windows\System32\rasadhlp.dll
0x00007ffafbe40000 - 0x00007ffafbec0000 	C:\Windows\System32\fwpuclnt.dll
0x00007ffae45e0000 - 0x00007ffae45e9000 	C:\Users\Ibrahim Amjad\AppData\Local\Programs\Eclipse Adoptium\jdk-21.0.8.9-hotspot\bin\extnet.dll
0x00007ffae45b0000 - 0x00007ffae45c0000 	C:\Users\Ibrahim Amjad\AppData\Local\Programs\Eclipse Adoptium\jdk-21.0.8.9-hotspot\bin\verify.dll
0x00007ffad71d0000 - 0x00007ffad71d7000 	C:\Windows\system32\wshunix.dll

JVMTI agents: none

dbghelp: loaded successfully - version: 4.0.5 - missing functions: none
symbol engine: initialized successfully - sym options: 0x614 - pdb path: .;C:\Users\Ibrahim Amjad\AppData\Local\Programs\Eclipse Adoptium\jdk-21.0.8.9-hotspot\bin;C:\Windows\SYSTEM32;C:\Windows\WinSxS\amd64_microsoft.windows.common-controls_6595b64144ccf1df_6.0.19041.6926_none_60b5a53971f8f7e6;C:\Users\Ibrahim Amjad\AppData\Local\Programs\Eclipse Adoptium\jdk-21.0.8.9-hotspot\bin\server

VM Arguments:
jvm_args: -XX:TieredStopAtLevel=1 
java_command: com.example.SmartShop.AI.Assistant.SmartShopApplication
java_class_path (initial): E:\Intellij Project\SmartShop-AI-Assistant\target\classes;C:\Users\Ibrahim Amjad\.m2\repository\ch\qos\logback\logback-classic\1.5.18\logback-classic-1.5.18.jar;C:\Users\Ibrahim Amjad\.m2\repository\ch\qos\logback\logback-core\1.5.18\logback-core-1.5.18.jar;C:\Users\Ibrahim Amjad\.m2\repository\org\apache\logging\log4j\log4j-to-slf4j\2.24.3\log4j-to-slf4j-2.24.3.jar;C:\Users\Ibrahim Amjad\.m2\repository\org\apache\logging\log4j\log4j-api\2.24.3\log4j-api-2.24.3.jar;C:\Users\Ibrahim Amjad\.m2\repository\org\slf4j\jul-to-slf4j\2.0.17\jul-to-slf4j-2.0.17.jar;C:\Users\Ibrahim Amjad\.m2\repository\jakarta\annotation\jakarta.annotation-api\2.1.1\jakarta.annotation-api-2.1.1.jar;C:\Users\Ibrahim Amjad\.m2\repository\org\yaml\snakeyaml\2.4\snakeyaml-2.4.jar;C:\Users\Ibrahim Amjad\.m2\repository\com\fasterxml\jackson\datatype\jackson-datatype-jdk8\2.19.2\jackson-datatype-jdk8-2.19.2.jar;C:\Users\Ibrahim Amjad\.m2\repository\com\fasterxml\jackson\datatype\jackson-datatype-jsr310\2.19.2\jackson-datatype-jsr310-2.19.2.jar;C:\Users\Ibrahim Amjad\.m2\repository\com\fasterxml\jackson\module\jackson-module-parameter-names\2.19.2\jackson-module-parameter-names-2.19.2.jar;C:\Users\Ibrahim Amjad\.m2\repository\org\apache\tomcat\embed\tomcat-embed-core\10.1.46\tomcat-embed-core-10.1.46.jar;C:\Users\Ibrahim Amjad\.m2\repository\org\apache\tomcat\embed\tomcat-embed-websocket\10.1.46\tomcat-embed-websocket-10.1.46.jar;C:\Users\Ibrahim Amjad\.m2\repository\org\springframework\spring-web\6.2.11\spring-web-6.2.11.jar;C:\Users\Ibrahim Amjad\.m2\repository\org\springframework\spring-beans\6.2.11\spring-beans-6.2.11.jar;C:\Users\Ibrahim Amjad\.m2\repository\io\micrometer\micrometer-observation\1.15.4\micrometer-observation-1.15.4.jar;C:\Users\Ibrahim Amjad\.m2\repository\io\micrometer\micrometer-commons\1.15.4\micrometer-commons-1.15.4.jar;C:\Users\Ibrahim Amjad\.m2\repository\org\springframework\spring-webmvc\6.2.11\spring-webmvc-6.2.11.jar;C:\Users\Ibrahim Amjad\.m2\repository\org\springframework\spring-context\6.2.11\spring-context-6.2.11.jar;C:\Users\Ibrahim Amjad\.m2\repository\org\springframework\spring-expression\6.2.11\spring-expression-6.2.11.jar;C:\Users\Ibrahim Amjad\.m2\repository\com\zaxxer\HikariCP\6.3.3\HikariCP-6.3.3.jar;C:\Users\Ibrahim Amjad\.m2\repository\org\springframework\spring-jdbc\6.2.11\spring-jdbc-6.2.11.jar;C:\Users\Ibrahim Amjad\.m2\repository\org\hibernate\orm\hibernate-core\6.6.29.Final\hibernate-core-6.6.29.Final.jar;C:\Users\Ibrahim Amjad\.m2\repository\jakarta\persistence\jakarta.persistence-api\3.1.0\jakarta.persistence-api-3.1.0.jar;C:\Users\Ibrahim Amjad\.m2\repository\jakarta\transaction\jakarta.transaction-api\2.0.1\jakarta.transaction-api-2.0.1.jar;C:\Users\Ibrahim Amjad\.m2\repository\org\jboss\logging\jboss-logging\3.6.1.Final\jboss-logging-3.6.1.Final.jar;C:\Users\Ibrahim Amjad\.m2\repository\org\hibernate\common\hibernate-commons-annotations\7.0.3.Final\hibernate-commons-annotations-7.0.3.Final.jar;C:\Users\Ibrahim Amjad\.m2\repository\io\smallrye\jandex\3.2.0\jandex-3.2.0.jar;C:\Users\Ibrahim Amjad\.m2\repository\com\fasterxml\classmate\1.7.0\classmate-1.7.0.jar;C:\Users\Ibrahim Amjad\.m2\repository\org\glassfish\jaxb\jaxb-runtime\4.0.5\jaxb-runtime-4.0.5.jar;C:\Users\Ibrahim Amjad\.m2\repository\org\glassfish\jaxb\jaxb-core\4.0.5\jaxb-core-4.0.5.jar;C:\Users\Ibrahim Amjad\.m2\repository\org\eclipse\angus\angus-activation\2.0.2\angus-activation-2.0.2.jar;C:\Users\Ibrahim Amjad\.m2\repository\org\glassfish\jaxb\txw2\4.0.5\txw2-4.0.5.jar;C:\Users\Ibrahim Amjad\.m2\repository\com\sun\istack\istack-commons-runtime\4.1.2\istack-commons-runtime-4.1.2.jar;C:\Users\Ibrahim Amjad\.m2\repository\jakarta\inject\jakarta.inject-api\2.0.1\jakarta.inject-api-2.0.1.jar;C:\Users\Ibrahim Amjad\.m2\repository\org\antlr\antlr4-runtime\4.13.0\antlr4-runtime-4.13.0.jar;C:\Users\Ibrahim Amjad\.m2\repository\org\springframework\data\spring-data-jpa\3.5.4\spring-data-jpa-3.5.4.jar;C:\Users\Ibrahim Amjad\.m2\repository\org\springframework\data\spring-data-commons\3.5.4\spring-data-commons-3.5.4.jar;C:\Users\Ibrahim Amjad\.m2\repository\org\springframework\spring-orm\6.2.11\spring-orm-6.2.11.jar;C:\Users\Ibrahim Amjad\.m2\repository\org\springframework\spring-tx\6.2.11\spring-tx-6.2.11.jar;C:\Users\Ibrahim Amjad\.m2\repository\org\springframework\spring-aspects\6.2.11\spring-aspects-6.2.11.jar;C:\Users\Ibrahim Amjad\.m2\repository\org\aspectj\aspectjweaver\1.9.24\aspectjweaver-1.9.24.jar;C:\Users\Ibrahim Amjad\.m2\repository\org\springframework\spring-context-support\6.2.11\spring-context-support-6.2.11.jar;C:\Users\Ibrahim Amjad\.m2\repository\org\apache\tomcat\embed\tomcat-embed-el\10.1.46\tomcat-embed-el-10.1.46.jar;C:\Users\Ibrahim Amjad\.m2\repository\org\hibernate\validator\hibernate-validator\8.0.3.Final\hibernate-validator-8.0.3.Final.jar;C:\Users\Ibrahim Amjad\.m2\repository\jakarta\validation\jakarta.validation-api\3.0.2\jakarta.validation-api-3.0.2.jar;C:\Users\Ibrahim Amjad\.m2\repository\commons-io\commons-io\2.11.0\commons-io-2.11.0.jar;C:\Users\Ibrahim Amjad\.m2\repository\org\springframework\security\spring-security-core\6.5.5\spring-security-core-6.5.5.jar;C:\Users\Ibrahim Amjad\.m2\repository\org\springframework\security\spring-security-crypto\6.5.5\spring-security-crypto-6.5.5.jar;C:\Users\Ibrahim Amjad\.m2\repository\org\springframework\security\spring-security-web\6.5.5\spring-security-web-6.5.5.jar;C:\Users\Ibrahim Amjad\.m2\repository\org\springframework\spring-core\6.2.11\spring-core-6.2.11.jar;C:\Users\Ibrahim Amjad\.m2\repository\org\springframework\spring-jcl\6.2.11\spring-jcl-6.2.11.jar;C:\Users\Ibrahim Amjad\.m2\repository\org\springframework\spring-aop\6.2.11\spring-aop-6.2.11.jar;C:\Users\Ibrahim Amjad\.m2\repository\org\springframework\security\spring-security-config\6.5.5\spring-security-config-6.5.5.jar;C:\Users\Ibrahim Amjad\.m2\repository\org\springdoc\springdoc-openapi-starter-webmvc-ui\2.8.6\springdoc-openapi-starter-webmvc-ui-2.8.6.jar;C:\Users\Ibrahim Amjad\.m2\repository\org\springdoc\springdoc-openapi-starter-webmvc-api\2.8.6\springdoc-openapi-starter-webmvc-api-2.8.6.jar;C:\Users\Ibrahim Amjad\.m2\repository\org\springdoc\springdoc-openapi-starter-common\2.8.6\springdoc-openapi-starter-common-2.8.6.jar;C:\Users\Ibrahim Amjad\.m2\repository\io\swagger\core\v3\swagger-core-jakarta\2.2.29\swagger-core-jakarta-2.2.29.jar;C:\Users\Ibrahim Amjad\.m2\repository\io\swagger\core\v3\swagger-annotations-jakarta\2.2.29\swagger-annotations-jakarta-2.2.29.jar;C:\Users\Ibrahim Amjad\.m2\repository\io\swagger\core\v3\swagger-models-jakarta\2.2.29\swagger-models-jakarta-2.2.29.jar;C:\Users\Ibrahim Amjad\.m2\repository\com\fasterxml\jackson\dataformat\jackson-dataformat-yaml\2.19.2\jackson-dataformat-yaml-2.19.2.jar;C:\Users\Ibrahim Amjad\.m2\repository\org\webjars\swagger-ui\5.20.1\swagger-ui-5.20.1.jar;C:\Users\Ibrahim Amjad\.m2\repository\org\webjars\webjars-locator-lite\1.1.0\webjars-locator-lite-1.1.0.jar;C:\Users\Ibrahim Amjad\.m2\repository\org\jspecify\jspecify\1.0.0\jspecify-1.0.0.jar;C:\Users\Ibrahim Amjad\.m2\repository\org\apache\commons\commons-lang3\3.17.0\commons-lang3-3.17.0.jar;C:\Users\Ibrahim Amjad\.m2\repository\com\cloudinary\cloudinary-taglib\1.33.0\cloudinary-taglib-1.33.0.jar;C:\Users\Ibrahim Amjad\.m2\repository\com\cloudinary\cloudinary-core\1.33.0\cloudinary-core-1.33.0.jar;C:\Users\Ibrahim Amjad\.m2\repository\javax\servlet\jsp-api\2.0\jsp-api-2.0.jar;C:\Users\Ibrahim Amjad\.m2\repository\javax\servlet\servlet-api\2.4\servlet-api-2.4.jar;C:\Users\Ibrahim Amjad\.m2\repository\org\springframework\boot\spring-boot-devtools\3.5.6\spring-boot-devtools-3.5.6.jar;C:\Users\Ibrahim Amjad\.m2\repository\org\springframework\boot\spring-boot\3.5.6\spring-boot-3.5.6.jar;C:\Users\Ibrahim Amjad\.m2\repository\org\springframework\boot\spring-boot-autoconfigure\3.5.6\spring-boot-autoconfigure-3.5.6.jar;C:\Users\Ibrahim Amjad\.m2\repository\com\mysql\mysql-connector-j\9.4.0\mysql-connector-j-9.4.0.jar;C:\Users\Ibrahim Amjad\.m2\repository\org\postgresql\postgresql\42.7.7\postgresql-42.7.7.jar;C:\Users\Ibrahim Amjad\.m2\repository\org\checkerframework\checker-qual\3.49.3\checker-qual-3.49.3.jar;C:\Users\Ibrahim Amjad\.m2\repository\io\jsonwebtoken\jjwt-api\0.11.5\jjwt-api-0.11.5.jar;C:\Users\Ibrahim Amjad\.m2\repository\io\jsonwebtoken\jjwt-impl\0.11.5\jjwt-impl-0.11.5.jar;C:\Users\Ibrahim Amjad\.m2\repository\io\jsonwebtoken\jjwt-jackson\0.11.5\jjwt-jackson-0.11.5.jar;C:\Users\Ibrahim Amjad\.m2\repository\com\fasterxml\jackson\core\jackson-databind\2.19.2\jackson-databind-2.19.2.jar;C:\Users\Ibrahim Amjad\.m2\repository\com\fasterxml\jackson\core\jackson-annotations\2.19.2\jackson-annotations-2.19.2.jar;C:\Users\Ibrahim Amjad\.m2\repository\com\fasterxml\jackson\core\jackson-core\2.19.2\jackson-core-2.19.2.jar;C:\Users\Ibrahim Amjad\.m2\repository\org\projectlombok\lombok\1.18.40\lombok-1.18.40.jar;C:\Users\Ibrahim Amjad\.m2\repository\jakarta\xml\bind\jakarta.xml.bind-api\4.0.2\jakarta.xml.bind-api-4.0.2.jar;C:\Users\Ibrahim Amjad\.m2\repository\jakarta\activation\jakarta.activation-api\2.1.4\jakarta.activation-api-2.1.4.jar;C:\Users\Ibrahim Amjad\.m2\repository\net\bytebuddy\byte-buddy\1.17.7\byte-buddy-1.17.7.jar;C:\Users\Ibrahim Amjad\.m2\repository\jakarta\servlet\jakarta.servlet-api\6.0.0\jakarta.servlet-api-6.0.0.jar;C:\Users\Ibrahim Amjad\.m2\repository\org\slf4j\slf4j-api\2.0.17\slf4j-api-2.0.17.jar;C:\Users\Ibrahim Amjad\.m2\repository\com\cloudinary\cloudinary-http44\1.37.0\cloudinary-http44-1.37.0.jar;C:\Users\Ibrahim Amjad\.m2\repository\org\apache\httpcomponents\httpclient\4.4\httpclient-4.4.jar;C:\Users\Ibrahim Amjad\.m2\repository\org\apache\httpcomponents\httpcore\4.4.16\httpcore-4.4.16.jar;C:\Users\Ibrahim Amjad\.m2\repository\commons-logging\commons-logging\1.2\commons-logging-1.2.jar;C:\Users\Ibrahim Amjad\.m2\repository\commons-codec\commons-codec\1.18.0\commons-codec-1.18.0.jar;C:\Users\Ibrahim Amjad\.m2\repository\org\apache\httpcomponents\httpmime\4.4\httpmime-4.4.jar
Launcher Type: SUN_STANDARD

[Global flags]
     intx CICompilerCount                          = 4                                         {product} {ergonomic}
     uint ConcGCThreads                            = 2                                         {product} {ergonomic}
     uint G1ConcRefinementThreads                  = 8                                         {product} {ergonomic}
   size_t G1HeapRegionSize                         = 2097152                                   {product} {ergonomic}
    uintx GCDrainStackTargetSize                   = 64                                        {product} {ergonomic}
   size_t InitialHeapSize                          = 266338304                                 {product} {ergonomic}
   size_t MarkStackSize                            = 4194304                                   {product} {ergonomic}
   size_t MaxHeapSize                              = 4259315712                                {product} {ergonomic}
   size_t MaxNewSize                               = 2554331136                                {product} {ergonomic}
   size_t MinHeapDeltaBytes                        = 2097152                                   {product} {ergonomic}
   size_t MinHeapSize                              = 8388608                                   {product} {ergonomic}
    uintx NonNMethodCodeHeapSize                   = 4096                                   {pd product} {ergonomic}
    uintx NonProfiledCodeHeapSize                  = 0                                      {pd product} {ergonomic}
     bool ProfileInterpreter                       = false                                  {pd product} {command line}
    uintx ProfiledCodeHeapSize                     = 0                                      {pd product} {ergonomic}
   size_t SoftMaxHeapSize                          = 4259315712                             {manageable} {ergonomic}
     intx TieredStopAtLevel                        = 1                                         {product} {command line}
     bool UseCompressedOops                        = true                           {product lp64_product} {ergonomic}
     bool UseG1GC                                  = true                                      {product} {ergonomic}
     bool UseLargePagesIndividualAllocation        = false                                  {pd product} {ergonomic}

Logging:
Log output configuration:
 #0: stdout all=warning uptime,level,tags foldmultilines=false
 #1: stderr all=off uptime,level,tags foldmultilines=false

Environment Variables:
PATH=C:\Windows\system32;C:\Windows;C:\Windows\System32\Wbem;C:\Windows\System32\WindowsPowerShell\v1.0\;C:\Windows\System32\OpenSSH\;C:\apache-maven-3.9.11\bin;C:\Program Files\MySQL\MySQL Server 8.0\bin;C:\Program Files\dotnet\;C:\Program Files\nodejs\;C:\Program Files (x86)\Intel\Intel(R) Management Engine Components\DAL;C:\Program Files\Intel\Intel(R) Management Engine Components\DAL;C:\Program Files\Git\cmd;C:\Users\Ibrahim Amjad\.local\bin;C:\Users\Ibrahim Amjad\AppData\Local\Programs\Eclipse Adoptium\jdk-21.0.8.9-hotspot\bin;C:\Users\Ibrahim Amjad\AppData\Local\Microsoft\WindowsApps;E:\Intellij App\IntelliJ IDEA 2025.2.1\bin;C:\Users\Ibrahim Amjad\AppData\Roaming\npm;C:\Users\Ibrahim Amjad\AppData\Local\GitHubDesktop\bin;C:\Users\Ibrahim Amjad\AppData\Local\Programs\Microsoft VS Code\bin;C:\Users\Ibrahim Amjad\AppData\Local\Programs\Warp\bin;E:\Windsurf\bin;E:\WebStorm 2025.3.3\bin;D:\cursor\resources\app\bin;C:\Users\Ibrahim Amjad\AppData\Local\Python\bin
USERNAME=Ibrahim Amjad
OS=Windows_NT
PROCESSOR_IDENTIFIER=Intel64 Family 6 Model 142 Stepping 10, GenuineIntel
TMP=C:\Users\IBRAHI~1\AppData\Local\Temp
TEMP=C:\Users\IBRAHI~1\AppData\Local\Temp




Periodic native trim disabled

---------------  S Y S T E M  ---------------

OS:
 Windows 10 , 64 bit Build 19041 (10.0.19041.7181)
OS uptime: 0 days 5:48 hours

CPU: total 8 (initial active 8) (4 cores per cpu, 2 threads per core) family 6 model 142 stepping 10 microcode 0xf6, cx8, cmov, fxsr, ht, mmx, 3dnowpref, sse, sse2, sse3, ssse3, sse4.1, sse4.2, popcnt, lzcnt, tsc, tscinvbit, avx, avx2, aes, erms, clmul, bmi1, bmi2, adx, fma, vzeroupper, clflush, clflushopt, rdtscp, f16c
Processor Information for the first 8 processors :
  Max Mhz: 1800, Current Mhz: 1600, Mhz Limit: 1584

Memory: 4k page, system-wide physical 16242M (1695M free)
TotalPageFile size 26482M (AvailPageFile size 97M)
current process WorkingSet (physical memory assigned to process): 400M, peak: 400M
current process commit charge ("private bytes"): 472M, peak: 670M

vm_info: OpenJDK 64-Bit Server VM (21.0.8+9-LTS) for windows-amd64 JRE (21.0.8+9-LTS), built on 2025-07-15T00:00:00Z by "admin" with MS VC++ 17.7 (VS2022)

END.
